[0.178s] DEBUG:colcon:Command line arguments: ['/usr/bin/colcon', 'build']
[0.178s] DEBUG:colcon:Parsed command line arguments: Namespace(allow_overriding=[], ament_cmake_args=None, base_paths=['.'], build_base='build', catkin_cmake_args=None, catkin_skip_building_tests=False, cmake_args=None, cmake_clean_cache=False, cmake_clean_first=False, cmake_force_configure=False, cmake_target=None, cmake_target_skip_unavailable=False, continue_on_error=False, event_handlers=None, executor='parallel', ignore_user_meta=False, install_base='install', log_base=None, log_level=None, main=<bound method BuildVerb.main of <colcon_core.verb.build.BuildVerb object at 0x79275f250940>>, merge_install=False, metas=['./colcon.meta'], mixin=None, mixin_files=None, mixin_verb=('build',), packages_above=None, packages_above_and_dependencies=None, packages_above_depth=None, packages_end=None, packages_ignore=None, packages_ignore_regex=None, packages_select=None, packages_select_build_failed=False, packages_select_by_dep=None, packages_select_regex=None, packages_select_test_failures=False, packages_skip=None, packages_skip_build_finished=False, packages_skip_by_dep=None, packages_skip_regex=None, packages_skip_test_passed=False, packages_skip_up_to=None, packages_start=None, packages_up_to=None, packages_up_to_regex=None, parallel_workers=2, paths=None, symlink_install=False, test_result_base=None, verb_extension=<colcon_core.verb.build.BuildVerb object at 0x79275f250940>, verb_name='build', verb_parser=<colcon_mixin.mixin.mixin_argument.MixinArgumentDecorator object at 0x79275f2630a0>)
[0.305s] Level 1:colcon.colcon_core.package_discovery:discover_packages(colcon_meta) check parameters
[0.305s] Level 1:colcon.colcon_core.package_discovery:discover_packages(recursive) check parameters
[0.306s] Level 1:colcon.colcon_core.package_discovery:discover_packages(ignore) check parameters
[0.306s] Level 1:colcon.colcon_core.package_discovery:discover_packages(path) check parameters
[0.306s] Level 1:colcon.colcon_core.package_discovery:discover_packages(colcon_meta) discover
[0.306s] Level 1:colcon.colcon_core.package_discovery:discover_packages(recursive) discover
[0.306s] INFO:colcon.colcon_core.package_discovery:Crawling recursively for packages in '/home/codespace/ros2_ws/src/src'
[0.307s] Level 1:colcon.colcon_core.package_identification:_identify(.) by extensions ['ignore', 'ignore_ament_install']
[0.307s] Level 1:colcon.colcon_core.package_identification:_identify(.) by extension 'ignore'
[0.307s] Level 1:colcon.colcon_core.package_identification:_identify(.) by extension 'ignore_ament_install'
[0.307s] Level 1:colcon.colcon_core.package_identification:_identify(.) by extensions ['colcon_pkg']
[0.307s] Level 1:colcon.colcon_core.package_identification:_identify(.) by extension 'colcon_pkg'
[0.307s] Level 1:colcon.colcon_core.package_identification:_identify(.) by extensions ['colcon_meta']
[0.308s] Level 1:colcon.colcon_core.package_identification:_identify(.) by extension 'colcon_meta'
[0.308s] Level 1:colcon.colcon_core.package_identification:_identify(.) by extensions ['ros']
[0.308s] Level 1:colcon.colcon_core.package_identification:_identify(.) by extension 'ros'
[0.318s] Level 1:colcon.colcon_core.package_identification:_identify(.) by extensions ['cmake', 'python']
[0.318s] Level 1:colcon.colcon_core.package_identification:_identify(.) by extension 'cmake'
[0.318s] Level 1:colcon.colcon_core.package_identification:_identify(.) by extension 'python'
[0.318s] Level 1:colcon.colcon_core.package_identification:_identify(.) by extensions ['python_setup_py']
[0.319s] Level 1:colcon.colcon_core.package_identification:_identify(.) by extension 'python_setup_py'
[0.319s] Level 1:colcon.colcon_core.package_identification:_identify(build) by extensions ['ignore', 'ignore_ament_install']
[0.319s] Level 1:colcon.colcon_core.package_identification:_identify(build) by extension 'ignore'
[0.319s] Level 1:colcon.colcon_core.package_identification:_identify(build) ignored
[0.319s] Level 1:colcon.colcon_core.package_identification:_identify(gestion_utilisateur) by extensions ['ignore', 'ignore_ament_install']
[0.320s] Level 1:colcon.colcon_core.package_identification:_identify(gestion_utilisateur) by extension 'ignore'
[0.320s] Level 1:colcon.colcon_core.package_identification:_identify(gestion_utilisateur) by extension 'ignore_ament_install'
[0.320s] Level 1:colcon.colcon_core.package_identification:_identify(gestion_utilisateur) by extensions ['colcon_pkg']
[0.320s] Level 1:colcon.colcon_core.package_identification:_identify(gestion_utilisateur) by extension 'colcon_pkg'
[0.320s] Level 1:colcon.colcon_core.package_identification:_identify(gestion_utilisateur) by extensions ['colcon_meta']
[0.320s] Level 1:colcon.colcon_core.package_identification:_identify(gestion_utilisateur) by extension 'colcon_meta'
[0.320s] Level 1:colcon.colcon_core.package_identification:_identify(gestion_utilisateur) by extensions ['ros']
[0.320s] Level 1:colcon.colcon_core.package_identification:_identify(gestion_utilisateur) by extension 'ros'
[0.323s] DEBUG:colcon.colcon_core.package_identification:Package 'gestion_utilisateur' with type 'ros.ament_python' and name 'gestion_utilisateur'
[0.323s] Level 1:colcon.colcon_core.package_identification:_identify(install) by extensions ['ignore', 'ignore_ament_install']
[0.323s] Level 1:colcon.colcon_core.package_identification:_identify(install) by extension 'ignore'
[0.323s] Level 1:colcon.colcon_core.package_identification:_identify(install) ignored
[0.324s] Level 1:colcon.colcon_core.package_identification:_identify(localisation_librairie) by extensions ['ignore', 'ignore_ament_install']
[0.324s] Level 1:colcon.colcon_core.package_identification:_identify(localisation_librairie) by extension 'ignore'
[0.324s] Level 1:colcon.colcon_core.package_identification:_identify(localisation_librairie) by extension 'ignore_ament_install'
[0.324s] Level 1:colcon.colcon_core.package_identification:_identify(localisation_librairie) by extensions ['colcon_pkg']
[0.324s] Level 1:colcon.colcon_core.package_identification:_identify(localisation_librairie) by extension 'colcon_pkg'
[0.324s] Level 1:colcon.colcon_core.package_identification:_identify(localisation_librairie) by extensions ['colcon_meta']
[0.324s] Level 1:colcon.colcon_core.package_identification:_identify(localisation_librairie) by extension 'colcon_meta'
[0.325s] Level 1:colcon.colcon_core.package_identification:_identify(localisation_librairie) by extensions ['ros']
[0.325s] Level 1:colcon.colcon_core.package_identification:_identify(localisation_librairie) by extension 'ros'
[0.326s] DEBUG:colcon.colcon_core.package_identification:Package 'localisation_librairie' with type 'ros.ament_python' and name 'localisation_librairie'
[0.326s] Level 1:colcon.colcon_core.package_identification:_identify(log) by extensions ['ignore', 'ignore_ament_install']
[0.326s] Level 1:colcon.colcon_core.package_identification:_identify(log) by extension 'ignore'
[0.326s] Level 1:colcon.colcon_core.package_identification:_identify(log) ignored
[0.326s] Level 1:colcon.colcon_core.package_identification:_identify(my_library_simulation) by extensions ['ignore', 'ignore_ament_install']
[0.327s] Level 1:colcon.colcon_core.package_identification:_identify(my_library_simulation) by extension 'ignore'
[0.327s] Level 1:colcon.colcon_core.package_identification:_identify(my_library_simulation) by extension 'ignore_ament_install'
[0.327s] Level 1:colcon.colcon_core.package_identification:_identify(my_library_simulation) by extensions ['colcon_pkg']
[0.327s] Level 1:colcon.colcon_core.package_identification:_identify(my_library_simulation) by extension 'colcon_pkg'
[0.327s] Level 1:colcon.colcon_core.package_identification:_identify(my_library_simulation) by extensions ['colcon_meta']
[0.327s] Level 1:colcon.colcon_core.package_identification:_identify(my_library_simulation) by extension 'colcon_meta'
[0.327s] Level 1:colcon.colcon_core.package_identification:_identify(my_library_simulation) by extensions ['ros']
[0.328s] Level 1:colcon.colcon_core.package_identification:_identify(my_library_simulation) by extension 'ros'
[0.328s] Level 1:colcon.colcon_core.package_identification:_identify(my_library_simulation) by extensions ['cmake', 'python']
[0.328s] Level 1:colcon.colcon_core.package_identification:_identify(my_library_simulation) by extension 'cmake'
[0.328s] Level 1:colcon.colcon_core.package_identification:_identify(my_library_simulation) by extension 'python'
[0.328s] Level 1:colcon.colcon_core.package_identification:_identify(my_library_simulation) by extensions ['python_setup_py']
[0.328s] Level 1:colcon.colcon_core.package_identification:_identify(my_library_simulation) by extension 'python_setup_py'
[0.328s] Level 1:colcon.colcon_core.package_identification:_identify(my_library_simulation/models) by extensions ['ignore', 'ignore_ament_install']
[0.329s] Level 1:colcon.colcon_core.package_identification:_identify(my_library_simulation/models) by extension 'ignore'
[0.329s] Level 1:colcon.colcon_core.package_identification:_identify(my_library_simulation/models) by extension 'ignore_ament_install'
[0.329s] Level 1:colcon.colcon_core.package_identification:_identify(my_library_simulation/models) by extensions ['colcon_pkg']
[0.329s] Level 1:colcon.colcon_core.package_identification:_identify(my_library_simulation/models) by extension 'colcon_pkg'
[0.329s] Level 1:colcon.colcon_core.package_identification:_identify(my_library_simulation/models) by extensions ['colcon_meta']
[0.329s] Level 1:colcon.colcon_core.package_identification:_identify(my_library_simulation/models) by extension 'colcon_meta'
[0.329s] Level 1:colcon.colcon_core.package_identification:_identify(my_library_simulation/models) by extensions ['ros']
[0.329s] Level 1:colcon.colcon_core.package_identification:_identify(my_library_simulation/models) by extension 'ros'
[0.330s] Level 1:colcon.colcon_core.package_identification:_identify(my_library_simulation/models) by extensions ['cmake', 'python']
[0.330s] Level 1:colcon.colcon_core.package_identification:_identify(my_library_simulation/models) by extension 'cmake'
[0.330s] Level 1:colcon.colcon_core.package_identification:_identify(my_library_simulation/models) by extension 'python'
[0.330s] Level 1:colcon.colcon_core.package_identification:_identify(my_library_simulation/models) by extensions ['python_setup_py']
[0.330s] Level 1:colcon.colcon_core.package_identification:_identify(my_library_simulation/models) by extension 'python_setup_py'
[0.330s] Level 1:colcon.colcon_core.package_identification:_identify(my_library_simulation/urdf) by extensions ['ignore', 'ignore_ament_install']
[0.330s] Level 1:colcon.colcon_core.package_identification:_identify(my_library_simulation/urdf) by extension 'ignore'
[0.331s] Level 1:colcon.colcon_core.package_identification:_identify(my_library_simulation/urdf) by extension 'ignore_ament_install'
[0.331s] Level 1:colcon.colcon_core.package_identification:_identify(my_library_simulation/urdf) by extensions ['colcon_pkg']
[0.331s] Level 1:colcon.colcon_core.package_identification:_identify(my_library_simulation/urdf) by extension 'colcon_pkg'
[0.331s] Level 1:colcon.colcon_core.package_identification:_identify(my_library_simulation/urdf) by extensions ['colcon_meta']
[0.331s] Level 1:colcon.colcon_core.package_identification:_identify(my_library_simulation/urdf) by extension 'colcon_meta'
[0.331s] Level 1:colcon.colcon_core.package_identification:_identify(my_library_simulation/urdf) by extensions ['ros']
[0.331s] Level 1:colcon.colcon_core.package_identification:_identify(my_library_simulation/urdf) by extension 'ros'
[0.332s] Level 1:colcon.colcon_core.package_identification:_identify(my_library_simulation/urdf) by extensions ['cmake', 'python']
[0.332s] Level 1:colcon.colcon_core.package_identification:_identify(my_library_simulation/urdf) by extension 'cmake'
[0.332s] Level 1:colcon.colcon_core.package_identification:_identify(my_library_simulation/urdf) by extension 'python'
[0.332s] Level 1:colcon.colcon_core.package_identification:_identify(my_library_simulation/urdf) by extensions ['python_setup_py']
[0.332s] Level 1:colcon.colcon_core.package_identification:_identify(my_library_simulation/urdf) by extension 'python_setup_py'
[0.332s] Level 1:colcon.colcon_core.package_identification:_identify(navigation_librairie) by extensions ['ignore', 'ignore_ament_install']
[0.332s] Level 1:colcon.colcon_core.package_identification:_identify(navigation_librairie) by extension 'ignore'
[0.333s] Level 1:colcon.colcon_core.package_identification:_identify(navigation_librairie) by extension 'ignore_ament_install'
[0.333s] Level 1:colcon.colcon_core.package_identification:_identify(navigation_librairie) by extensions ['colcon_pkg']
[0.333s] Level 1:colcon.colcon_core.package_identification:_identify(navigation_librairie) by extension 'colcon_pkg'
[0.333s] Level 1:colcon.colcon_core.package_identification:_identify(navigation_librairie) by extensions ['colcon_meta']
[0.333s] Level 1:colcon.colcon_core.package_identification:_identify(navigation_librairie) by extension 'colcon_meta'
[0.333s] Level 1:colcon.colcon_core.package_identification:_identify(navigation_librairie) by extensions ['ros']
[0.333s] Level 1:colcon.colcon_core.package_identification:_identify(navigation_librairie) by extension 'ros'
[0.334s] DEBUG:colcon.colcon_core.package_identification:Package 'navigation_librairie' with type 'ros.ament_python' and name 'navigation_librairie'
[0.334s] Level 1:colcon.colcon_core.package_discovery:discover_packages(recursive) using defaults
[0.334s] Level 1:colcon.colcon_core.package_discovery:discover_packages(ignore) discover
[0.334s] Level 1:colcon.colcon_core.package_discovery:discover_packages(ignore) using defaults
[0.334s] Level 1:colcon.colcon_core.package_discovery:discover_packages(path) discover
[0.334s] Level 1:colcon.colcon_core.package_discovery:discover_packages(path) using defaults
[0.349s] Level 1:colcon.colcon_core.package_discovery:discover_packages(prefix_path) check parameters
[0.349s] Level 1:colcon.colcon_core.package_discovery:discover_packages(prefix_path) discover
[0.351s] DEBUG:colcon.colcon_installed_package_information.package_discovery:Found 3 installed packages in /home/codespace/ros2_ws/install
[0.352s] DEBUG:colcon.colcon_installed_package_information.package_discovery:Found 270 installed packages in /opt/ros/foxy
[0.354s] Level 1:colcon.colcon_core.package_discovery:discover_packages(prefix_path) using defaults
[0.409s] Level 5:colcon.colcon_core.verb:set package 'gestion_utilisateur' build argument 'cmake_args' from command line to 'None'
[0.409s] Level 5:colcon.colcon_core.verb:set package 'gestion_utilisateur' build argument 'cmake_target' from command line to 'None'
[0.409s] Level 5:colcon.colcon_core.verb:set package 'gestion_utilisateur' build argument 'cmake_target_skip_unavailable' from command line to 'False'
[0.409s] Level 5:colcon.colcon_core.verb:set package 'gestion_utilisateur' build argument 'cmake_clean_cache' from command line to 'False'
[0.410s] Level 5:colcon.colcon_core.verb:set package 'gestion_utilisateur' build argument 'cmake_clean_first' from command line to 'False'
[0.410s] Level 5:colcon.colcon_core.verb:set package 'gestion_utilisateur' build argument 'cmake_force_configure' from command line to 'False'
[0.410s] Level 5:colcon.colcon_core.verb:set package 'gestion_utilisateur' build argument 'ament_cmake_args' from command line to 'None'
[0.410s] Level 5:colcon.colcon_core.verb:set package 'gestion_utilisateur' build argument 'catkin_cmake_args' from command line to 'None'
[0.410s] Level 5:colcon.colcon_core.verb:set package 'gestion_utilisateur' build argument 'catkin_skip_building_tests' from command line to 'False'
[0.410s] DEBUG:colcon.colcon_core.verb:Building package 'gestion_utilisateur' with the following arguments: {'ament_cmake_args': None, 'build_base': '/home/codespace/ros2_ws/src/src/build/gestion_utilisateur', 'catkin_cmake_args': None, 'catkin_skip_building_tests': False, 'cmake_args': None, 'cmake_clean_cache': False, 'cmake_clean_first': False, 'cmake_force_configure': False, 'cmake_target': None, 'cmake_target_skip_unavailable': False, 'install_base': '/home/codespace/ros2_ws/src/src/install/gestion_utilisateur', 'merge_install': False, 'path': '/home/codespace/ros2_ws/src/src/gestion_utilisateur', 'symlink_install': False, 'test_result_base': None}
[0.411s] Level 5:colcon.colcon_core.verb:set package 'localisation_librairie' build argument 'cmake_args' from command line to 'None'
[0.411s] Level 5:colcon.colcon_core.verb:set package 'localisation_librairie' build argument 'cmake_target' from command line to 'None'
[0.411s] Level 5:colcon.colcon_core.verb:set package 'localisation_librairie' build argument 'cmake_target_skip_unavailable' from command line to 'False'
[0.411s] Level 5:colcon.colcon_core.verb:set package 'localisation_librairie' build argument 'cmake_clean_cache' from command line to 'False'
[0.411s] Level 5:colcon.colcon_core.verb:set package 'localisation_librairie' build argument 'cmake_clean_first' from command line to 'False'
[0.411s] Level 5:colcon.colcon_core.verb:set package 'localisation_librairie' build argument 'cmake_force_configure' from command line to 'False'
[0.411s] Level 5:colcon.colcon_core.verb:set package 'localisation_librairie' build argument 'ament_cmake_args' from command line to 'None'
[0.412s] Level 5:colcon.colcon_core.verb:set package 'localisation_librairie' build argument 'catkin_cmake_args' from command line to 'None'
[0.412s] Level 5:colcon.colcon_core.verb:set package 'localisation_librairie' build argument 'catkin_skip_building_tests' from command line to 'False'
[0.412s] DEBUG:colcon.colcon_core.verb:Building package 'localisation_librairie' with the following arguments: {'ament_cmake_args': None, 'build_base': '/home/codespace/ros2_ws/src/src/build/localisation_librairie', 'catkin_cmake_args': None, 'catkin_skip_building_tests': False, 'cmake_args': None, 'cmake_clean_cache': False, 'cmake_clean_first': False, 'cmake_force_configure': False, 'cmake_target': None, 'cmake_target_skip_unavailable': False, 'install_base': '/home/codespace/ros2_ws/src/src/install/localisation_librairie', 'merge_install': False, 'path': '/home/codespace/ros2_ws/src/src/localisation_librairie', 'symlink_install': False, 'test_result_base': None}
[0.412s] Level 5:colcon.colcon_core.verb:set package 'navigation_librairie' build argument 'cmake_args' from command line to 'None'
[0.412s] Level 5:colcon.colcon_core.verb:set package 'navigation_librairie' build argument 'cmake_target' from command line to 'None'
[0.412s] Level 5:colcon.colcon_core.verb:set package 'navigation_librairie' build argument 'cmake_target_skip_unavailable' from command line to 'False'
[0.413s] Level 5:colcon.colcon_core.verb:set package 'navigation_librairie' build argument 'cmake_clean_cache' from command line to 'False'
[0.413s] Level 5:colcon.colcon_core.verb:set package 'navigation_librairie' build argument 'cmake_clean_first' from command line to 'False'
[0.413s] Level 5:colcon.colcon_core.verb:set package 'navigation_librairie' build argument 'cmake_force_configure' from command line to 'False'
[0.413s] Level 5:colcon.colcon_core.verb:set package 'navigation_librairie' build argument 'ament_cmake_args' from command line to 'None'
[0.413s] Level 5:colcon.colcon_core.verb:set package 'navigation_librairie' build argument 'catkin_cmake_args' from command line to 'None'
[0.413s] Level 5:colcon.colcon_core.verb:set package 'navigation_librairie' build argument 'catkin_skip_building_tests' from command line to 'False'
[0.413s] DEBUG:colcon.colcon_core.verb:Building package 'navigation_librairie' with the following arguments: {'ament_cmake_args': None, 'build_base': '/home/codespace/ros2_ws/src/src/build/navigation_librairie', 'catkin_cmake_args': None, 'catkin_skip_building_tests': False, 'cmake_args': None, 'cmake_clean_cache': False, 'cmake_clean_first': False, 'cmake_force_configure': False, 'cmake_target': None, 'cmake_target_skip_unavailable': False, 'install_base': '/home/codespace/ros2_ws/src/src/install/navigation_librairie', 'merge_install': False, 'path': '/home/codespace/ros2_ws/src/src/navigation_librairie', 'symlink_install': False, 'test_result_base': None}
[0.413s] INFO:colcon.colcon_core.executor:Executing jobs using 'parallel' executor
[0.415s] DEBUG:colcon.colcon_parallel_executor.executor.parallel:run_until_complete
[0.415s] INFO:colcon.colcon_ros.task.ament_python.build:Building ROS package in '/home/codespace/ros2_ws/src/src/gestion_utilisateur' with build type 'ament_python'
[0.416s] Level 1:colcon.colcon_core.shell:create_environment_hook('gestion_utilisateur', 'ament_prefix_path')
[0.418s] INFO:colcon.colcon_core.plugin_system:Skipping extension 'colcon_core.shell.bat': Not used on non-Windows systems
[0.418s] INFO:colcon.colcon_core.shell:Creating environment hook '/home/codespace/ros2_ws/src/src/install/gestion_utilisateur/share/gestion_utilisateur/hook/ament_prefix_path.ps1'
[0.420s] INFO:colcon.colcon_core.shell:Creating environment descriptor '/home/codespace/ros2_ws/src/src/install/gestion_utilisateur/share/gestion_utilisateur/hook/ament_prefix_path.dsv'
[0.421s] INFO:colcon.colcon_core.shell:Creating environment hook '/home/codespace/ros2_ws/src/src/install/gestion_utilisateur/share/gestion_utilisateur/hook/ament_prefix_path.sh'
[0.422s] INFO:colcon.colcon_core.shell:Skip shell extension 'powershell' for command environment: Not usable outside of PowerShell
[0.423s] DEBUG:colcon.colcon_core.shell:Skip shell extension 'dsv' for command environment
[0.428s] INFO:colcon.colcon_ros.task.ament_python.build:Building ROS package in '/home/codespace/ros2_ws/src/src/localisation_librairie' with build type 'ament_python'
[0.429s] Level 1:colcon.colcon_core.shell:create_environment_hook('localisation_librairie', 'ament_prefix_path')
[0.429s] INFO:colcon.colcon_core.shell:Creating environment hook '/home/codespace/ros2_ws/src/src/install/localisation_librairie/share/localisation_librairie/hook/ament_prefix_path.ps1'
[0.431s] INFO:colcon.colcon_core.shell:Creating environment descriptor '/home/codespace/ros2_ws/src/src/install/localisation_librairie/share/localisation_librairie/hook/ament_prefix_path.dsv'
[0.431s] INFO:colcon.colcon_core.shell:Creating environment hook '/home/codespace/ros2_ws/src/src/install/localisation_librairie/share/localisation_librairie/hook/ament_prefix_path.sh'
[0.433s] INFO:colcon.colcon_core.shell:Skip shell extension 'powershell' for command environment: Not usable outside of PowerShell
[0.433s] DEBUG:colcon.colcon_core.shell:Skip shell extension 'dsv' for command environment
[0.634s] INFO:colcon.colcon_core.task.python.build:Building Python package in '/home/codespace/ros2_ws/src/src/gestion_utilisateur'
[0.635s] INFO:colcon.colcon_core.shell:Skip shell extension 'powershell' for command environment: Not usable outside of PowerShell
[0.635s] DEBUG:colcon.colcon_core.shell:Skip shell extension 'dsv' for command environment
[0.854s] WARNING:colcon.colcon_ros.task.ament_python.build:Package 'localisation_librairie' doesn't explicitly install a marker in the package index (colcon-ros currently does it implicitly but that fallback will be removed in the future)
[0.854s] INFO:colcon.colcon_core.task.python.build:Building Python package in '/home/codespace/ros2_ws/src/src/localisation_librairie'
[0.855s] INFO:colcon.colcon_core.shell:Skip shell extension 'powershell' for command environment: Not usable outside of PowerShell
[0.855s] DEBUG:colcon.colcon_core.shell:Skip shell extension 'dsv' for command environment
[1.509s] DEBUG:colcon.colcon_core.event_handler.log_command:Invoking command in '/home/codespace/ros2_ws/src/src/localisation_librairie': PYTHONPATH=/home/codespace/ros2_ws/src/src/build/localisation_librairie/prefix_override:/usr/lib/python3/dist-packages/colcon_core/task/python/colcon_distutils_commands:/home/codespace/ros2_ws/src/src/install/localisation_librairie/lib/python3.8/site-packages:${PYTHONPATH} /usr/bin/python3 -W ignore:setup.py install is deprecated -W ignore:easy_install command is deprecated setup.py egg_info --egg-base ../build/localisation_librairie build --build-base /home/codespace/ros2_ws/src/src/build/localisation_librairie/build install --record /home/codespace/ros2_ws/src/src/build/localisation_librairie/install.log --install-scripts $base/lib/localisation_librairie --single-version-externally-managed install_data
[1.631s] DEBUG:colcon.colcon_core.event_handler.log_command:Invoking command in '/home/codespace/ros2_ws/src/src/gestion_utilisateur': PYTHONPATH=/home/codespace/ros2_ws/src/src/build/gestion_utilisateur/prefix_override:/usr/lib/python3/dist-packages/colcon_core/task/python/colcon_distutils_commands:/home/codespace/ros2_ws/src/src/install/gestion_utilisateur/lib/python3.8/site-packages:${PYTHONPATH} /usr/bin/python3 -W ignore:setup.py install is deprecated -W ignore:easy_install command is deprecated setup.py egg_info --egg-base ../build/gestion_utilisateur build --build-base /home/codespace/ros2_ws/src/src/build/gestion_utilisateur/build install --record /home/codespace/ros2_ws/src/src/build/gestion_utilisateur/install.log --install-scripts $base/lib/gestion_utilisateur --single-version-externally-managed install_data
[2.022s] Level 1:colcon.colcon_core.environment:checking '/home/codespace/ros2_ws/src/src/install/localisation_librairie' for CMake module files
[2.022s] DEBUG:colcon.colcon_core.event_handler.log_command:Invoked command in '/home/codespace/ros2_ws/src/src/localisation_librairie' returned '0': PYTHONPATH=/home/codespace/ros2_ws/src/src/build/localisation_librairie/prefix_override:/usr/lib/python3/dist-packages/colcon_core/task/python/colcon_distutils_commands:/home/codespace/ros2_ws/src/src/install/localisation_librairie/lib/python3.8/site-packages:${PYTHONPATH} /usr/bin/python3 -W ignore:setup.py install is deprecated -W ignore:easy_install command is deprecated setup.py egg_info --egg-base ../build/localisation_librairie build --build-base /home/codespace/ros2_ws/src/src/build/localisation_librairie/build install --record /home/codespace/ros2_ws/src/src/build/localisation_librairie/install.log --install-scripts $base/lib/localisation_librairie --single-version-externally-managed install_data
[2.025s] Level 1:colcon.colcon_core.environment:checking '/home/codespace/ros2_ws/src/src/install/localisation_librairie' for CMake config files
[2.026s] Level 1:colcon.colcon_core.environment:checking '/home/codespace/ros2_ws/src/src/install/localisation_librairie/lib'
[2.027s] Level 1:colcon.colcon_core.environment:checking '/home/codespace/ros2_ws/src/src/install/localisation_librairie/bin'
[2.027s] Level 1:colcon.colcon_core.environment:checking '/home/codespace/ros2_ws/src/src/install/localisation_librairie/lib/pkgconfig/localisation_librairie.pc'
[2.028s] Level 1:colcon.colcon_core.environment:checking '/home/codespace/ros2_ws/src/src/install/localisation_librairie/lib/python3.8/site-packages'
[2.028s] Level 1:colcon.colcon_core.shell:create_environment_hook('localisation_librairie', 'pythonpath')
[2.029s] INFO:colcon.colcon_core.shell:Creating environment hook '/home/codespace/ros2_ws/src/src/install/localisation_librairie/share/localisation_librairie/hook/pythonpath.ps1'
[2.031s] INFO:colcon.colcon_core.shell:Creating environment descriptor '/home/codespace/ros2_ws/src/src/install/localisation_librairie/share/localisation_librairie/hook/pythonpath.dsv'
[2.033s] INFO:colcon.colcon_core.shell:Creating environment hook '/home/codespace/ros2_ws/src/src/install/localisation_librairie/share/localisation_librairie/hook/pythonpath.sh'
[2.035s] Level 1:colcon.colcon_core.environment:checking '/home/codespace/ros2_ws/src/src/install/localisation_librairie/bin'
[2.035s] Level 1:colcon.colcon_core.environment:create_environment_scripts_only(localisation_librairie)
[2.036s] INFO:colcon.colcon_core.shell:Creating package script '/home/codespace/ros2_ws/src/src/install/localisation_librairie/share/localisation_librairie/package.ps1'
[2.038s] INFO:colcon.colcon_core.shell:Creating package descriptor '/home/codespace/ros2_ws/src/src/install/localisation_librairie/share/localisation_librairie/package.dsv'
[2.040s] INFO:colcon.colcon_core.shell:Creating package script '/home/codespace/ros2_ws/src/src/install/localisation_librairie/share/localisation_librairie/package.sh'
[2.044s] INFO:colcon.colcon_core.shell:Creating package script '/home/codespace/ros2_ws/src/src/install/localisation_librairie/share/localisation_librairie/package.bash'
[2.047s] INFO:colcon.colcon_core.shell:Creating package script '/home/codespace/ros2_ws/src/src/install/localisation_librairie/share/localisation_librairie/package.zsh'
[2.050s] Level 1:colcon.colcon_core.environment:create_file_with_runtime_dependencies(/home/codespace/ros2_ws/src/src/install/localisation_librairie/share/colcon-core/packages/localisation_librairie)
[2.052s] INFO:colcon.colcon_ros.task.ament_python.build:Building ROS package in '/home/codespace/ros2_ws/src/src/navigation_librairie' with build type 'ament_python'
[2.053s] Level 1:colcon.colcon_core.shell:create_environment_hook('navigation_librairie', 'ament_prefix_path')
[2.053s] INFO:colcon.colcon_core.shell:Creating environment hook '/home/codespace/ros2_ws/src/src/install/navigation_librairie/share/navigation_librairie/hook/ament_prefix_path.ps1'
[2.055s] INFO:colcon.colcon_core.shell:Creating environment descriptor '/home/codespace/ros2_ws/src/src/install/navigation_librairie/share/navigation_librairie/hook/ament_prefix_path.dsv'
[2.057s] INFO:colcon.colcon_core.shell:Creating environment hook '/home/codespace/ros2_ws/src/src/install/navigation_librairie/share/navigation_librairie/hook/ament_prefix_path.sh'
[2.060s] INFO:colcon.colcon_core.shell:Skip shell extension 'powershell' for command environment: Not usable outside of PowerShell
[2.061s] DEBUG:colcon.colcon_core.shell:Skip shell extension 'dsv' for command environment
[2.470s] INFO:colcon.colcon_core.task.python.build:Building Python package in '/home/codespace/ros2_ws/src/src/navigation_librairie'
[2.470s] INFO:colcon.colcon_core.shell:Skip shell extension 'powershell' for command environment: Not usable outside of PowerShell
[2.470s] DEBUG:colcon.colcon_core.shell:Skip shell extension 'dsv' for command environment
[2.477s] Level 1:colcon.colcon_core.environment:checking '/home/codespace/ros2_ws/src/src/install/gestion_utilisateur' for CMake module files
[2.477s] Level 1:colcon.colcon_core.environment:checking '/home/codespace/ros2_ws/src/src/install/gestion_utilisateur' for CMake config files
[2.478s] DEBUG:colcon.colcon_core.event_handler.log_command:Invoked command in '/home/codespace/ros2_ws/src/src/gestion_utilisateur' returned '0': PYTHONPATH=/home/codespace/ros2_ws/src/src/build/gestion_utilisateur/prefix_override:/usr/lib/python3/dist-packages/colcon_core/task/python/colcon_distutils_commands:/home/codespace/ros2_ws/src/src/install/gestion_utilisateur/lib/python3.8/site-packages:${PYTHONPATH} /usr/bin/python3 -W ignore:setup.py install is deprecated -W ignore:easy_install command is deprecated setup.py egg_info --egg-base ../build/gestion_utilisateur build --build-base /home/codespace/ros2_ws/src/src/build/gestion_utilisateur/build install --record /home/codespace/ros2_ws/src/src/build/gestion_utilisateur/install.log --install-scripts $base/lib/gestion_utilisateur --single-version-externally-managed install_data
[2.479s] Level 1:colcon.colcon_core.environment:checking '/home/codespace/ros2_ws/src/src/install/gestion_utilisateur/lib'
[2.479s] Level 1:colcon.colcon_core.environment:checking '/home/codespace/ros2_ws/src/src/install/gestion_utilisateur/bin'
[2.479s] Level 1:colcon.colcon_core.environment:checking '/home/codespace/ros2_ws/src/src/install/gestion_utilisateur/lib/pkgconfig/gestion_utilisateur.pc'
[2.480s] Level 1:colcon.colcon_core.environment:checking '/home/codespace/ros2_ws/src/src/install/gestion_utilisateur/lib/python3.8/site-packages'
[2.480s] Level 1:colcon.colcon_core.shell:create_environment_hook('gestion_utilisateur', 'pythonpath')
[2.481s] INFO:colcon.colcon_core.shell:Creating environment hook '/home/codespace/ros2_ws/src/src/install/gestion_utilisateur/share/gestion_utilisateur/hook/pythonpath.ps1'
[2.482s] INFO:colcon.colcon_core.shell:Creating environment descriptor '/home/codespace/ros2_ws/src/src/install/gestion_utilisateur/share/gestion_utilisateur/hook/pythonpath.dsv'
[2.483s] INFO:colcon.colcon_core.shell:Creating environment hook '/home/codespace/ros2_ws/src/src/install/gestion_utilisateur/share/gestion_utilisateur/hook/pythonpath.sh'
[2.484s] Level 1:colcon.colcon_core.environment:checking '/home/codespace/ros2_ws/src/src/install/gestion_utilisateur/bin'
[2.484s] Level 1:colcon.colcon_core.environment:create_environment_scripts_only(gestion_utilisateur)
[2.485s] INFO:colcon.colcon_core.shell:Creating package script '/home/codespace/ros2_ws/src/src/install/gestion_utilisateur/share/gestion_utilisateur/package.ps1'
[2.486s] INFO:colcon.colcon_core.shell:Creating package descriptor '/home/codespace/ros2_ws/src/src/install/gestion_utilisateur/share/gestion_utilisateur/package.dsv'
[2.487s] INFO:colcon.colcon_core.shell:Creating package script '/home/codespace/ros2_ws/src/src/install/gestion_utilisateur/share/gestion_utilisateur/package.sh'
[2.488s] INFO:colcon.colcon_core.shell:Creating package script '/home/codespace/ros2_ws/src/src/install/gestion_utilisateur/share/gestion_utilisateur/package.bash'
[2.489s] INFO:colcon.colcon_core.shell:Creating package script '/home/codespace/ros2_ws/src/src/install/gestion_utilisateur/share/gestion_utilisateur/package.zsh'
[2.489s] Level 1:colcon.colcon_core.environment:create_file_with_runtime_dependencies(/home/codespace/ros2_ws/src/src/install/gestion_utilisateur/share/colcon-core/packages/gestion_utilisateur)
[2.945s] DEBUG:colcon.colcon_core.event_handler.log_command:Invoking command in '/home/codespace/ros2_ws/src/src/navigation_librairie': PYTHONPATH=/home/codespace/ros2_ws/src/src/build/navigation_librairie/prefix_override:/usr/lib/python3/dist-packages/colcon_core/task/python/colcon_distutils_commands:/home/codespace/ros2_ws/src/src/install/navigation_librairie/lib/python3.8/site-packages:${PYTHONPATH} /usr/bin/python3 -W ignore:setup.py install is deprecated -W ignore:easy_install command is deprecated setup.py egg_info --egg-base ../build/navigation_librairie build --build-base /home/codespace/ros2_ws/src/src/build/navigation_librairie/build install --record /home/codespace/ros2_ws/src/src/build/navigation_librairie/install.log --install-scripts $base/lib/navigation_librairie --single-version-externally-managed install_data
[3.220s] Level 1:colcon.colcon_core.environment:checking '/home/codespace/ros2_ws/src/src/install/navigation_librairie' for CMake module files
[3.221s] DEBUG:colcon.colcon_core.event_handler.log_command:Invoked command in '/home/codespace/ros2_ws/src/src/navigation_librairie' returned '0': PYTHONPATH=/home/codespace/ros2_ws/src/src/build/navigation_librairie/prefix_override:/usr/lib/python3/dist-packages/colcon_core/task/python/colcon_distutils_commands:/home/codespace/ros2_ws/src/src/install/navigation_librairie/lib/python3.8/site-packages:${PYTHONPATH} /usr/bin/python3 -W ignore:setup.py install is deprecated -W ignore:easy_install command is deprecated setup.py egg_info --egg-base ../build/navigation_librairie build --build-base /home/codespace/ros2_ws/src/src/build/navigation_librairie/build install --record /home/codespace/ros2_ws/src/src/build/navigation_librairie/install.log --install-scripts $base/lib/navigation_librairie --single-version-externally-managed install_data
[3.222s] Level 1:colcon.colcon_core.environment:checking '/home/codespace/ros2_ws/src/src/install/navigation_librairie' for CMake config files
[3.223s] Level 1:colcon.colcon_core.environment:checking '/home/codespace/ros2_ws/src/src/install/navigation_librairie/lib'
[3.223s] Level 1:colcon.colcon_core.environment:checking '/home/codespace/ros2_ws/src/src/install/navigation_librairie/bin'
[3.223s] Level 1:colcon.colcon_core.environment:checking '/home/codespace/ros2_ws/src/src/install/navigation_librairie/lib/pkgconfig/navigation_librairie.pc'
[3.223s] Level 1:colcon.colcon_core.environment:checking '/home/codespace/ros2_ws/src/src/install/navigation_librairie/lib/python3.8/site-packages'
[3.223s] Level 1:colcon.colcon_core.shell:create_environment_hook('navigation_librairie', 'pythonpath')
[3.224s] INFO:colcon.colcon_core.shell:Creating environment hook '/home/codespace/ros2_ws/src/src/install/navigation_librairie/share/navigation_librairie/hook/pythonpath.ps1'
[3.224s] INFO:colcon.colcon_core.shell:Creating environment descriptor '/home/codespace/ros2_ws/src/src/install/navigation_librairie/share/navigation_librairie/hook/pythonpath.dsv'
[3.225s] INFO:colcon.colcon_core.shell:Creating environment hook '/home/codespace/ros2_ws/src/src/install/navigation_librairie/share/navigation_librairie/hook/pythonpath.sh'
[3.226s] Level 1:colcon.colcon_core.environment:checking '/home/codespace/ros2_ws/src/src/install/navigation_librairie/bin'
[3.226s] Level 1:colcon.colcon_core.environment:create_environment_scripts_only(navigation_librairie)
[3.226s] INFO:colcon.colcon_core.shell:Creating package script '/home/codespace/ros2_ws/src/src/install/navigation_librairie/share/navigation_librairie/package.ps1'
[3.227s] INFO:colcon.colcon_core.shell:Creating package descriptor '/home/codespace/ros2_ws/src/src/install/navigation_librairie/share/navigation_librairie/package.dsv'
[3.228s] INFO:colcon.colcon_core.shell:Creating package script '/home/codespace/ros2_ws/src/src/install/navigation_librairie/share/navigation_librairie/package.sh'
[3.228s] INFO:colcon.colcon_core.shell:Creating package script '/home/codespace/ros2_ws/src/src/install/navigation_librairie/share/navigation_librairie/package.bash'
[3.229s] INFO:colcon.colcon_core.shell:Creating package script '/home/codespace/ros2_ws/src/src/install/navigation_librairie/share/navigation_librairie/package.zsh'
[3.230s] Level 1:colcon.colcon_core.environment:create_file_with_runtime_dependencies(/home/codespace/ros2_ws/src/src/install/navigation_librairie/share/colcon-core/packages/navigation_librairie)
[3.231s] DEBUG:colcon.colcon_parallel_executor.executor.parallel:closing loop
[3.232s] DEBUG:colcon.colcon_parallel_executor.executor.parallel:loop closed
[3.232s] DEBUG:colcon.colcon_parallel_executor.executor.parallel:run_until_complete finished with '0'
[3.232s] DEBUG:colcon.colcon_core.event_reactor:joining thread
[3.238s] INFO:colcon.colcon_core.plugin_system:Skipping extension 'colcon_notification.desktop_notification.notify_send': Could not find 'notify-send'
[3.239s] INFO:colcon.colcon_core.plugin_system:Skipping extension 'colcon_notification.desktop_notification.terminal_notifier': Not used on non-Darwin systems
[3.239s] INFO:colcon.colcon_core.plugin_system:Skipping extension 'colcon_notification.desktop_notification.win32': Not used on non-Windows systems
[3.239s] INFO:colcon.colcon_notification.desktop_notification:Sending desktop notification using 'notify2'
[3.239s] DEBUG:colcon.colcon_notification.desktop_notification.notify2:Failed to initialize notify2: org.freedesktop.DBus.Error.NotSupported: Unable to autolaunch a dbus-daemon without a $DISPLAY for X11
[3.239s] DEBUG:colcon.colcon_core.event_reactor:joined thread
[3.240s] INFO:colcon.colcon_core.shell:Creating prefix script '/home/codespace/ros2_ws/src/src/install/local_setup.ps1'
[3.241s] INFO:colcon.colcon_core.shell:Creating prefix util module '/home/codespace/ros2_ws/src/src/install/_local_setup_util_ps1.py'
[3.242s] INFO:colcon.colcon_core.shell:Creating prefix chain script '/home/codespace/ros2_ws/src/src/install/setup.ps1'
[3.243s] INFO:colcon.colcon_core.shell:Creating prefix script '/home/codespace/ros2_ws/src/src/install/local_setup.sh'
[3.244s] INFO:colcon.colcon_core.shell:Creating prefix util module '/home/codespace/ros2_ws/src/src/install/_local_setup_util_sh.py'
[3.245s] INFO:colcon.colcon_core.shell:Creating prefix chain script '/home/codespace/ros2_ws/src/src/install/setup.sh'
[3.246s] INFO:colcon.colcon_core.shell:Creating prefix script '/home/codespace/ros2_ws/src/src/install/local_setup.bash'
[3.247s] INFO:colcon.colcon_core.shell:Creating prefix chain script '/home/codespace/ros2_ws/src/src/install/setup.bash'
[3.248s] INFO:colcon.colcon_core.shell:Creating prefix script '/home/codespace/ros2_ws/src/src/install/local_setup.zsh'
[3.249s] INFO:colcon.colcon_core.shell:Creating prefix chain script '/home/codespace/ros2_ws/src/src/install/setup.zsh'
