[0.504s] Invoking command in '/home/codespace/ros2_ws/src/src/localisation_librairie': PYTHONPATH=/home/codespace/ros2_ws/src/src/build/localisation_librairie/prefix_override:/usr/lib/python3/dist-packages/colcon_core/task/python/colcon_distutils_commands:/home/codespace/ros2_ws/src/src/install/localisation_librairie/lib/python3.8/site-packages:${PYTHONPATH} /usr/bin/python3 -W ignore:setup.py install is deprecated -W ignore:easy_install command is deprecated setup.py egg_info --egg-base ../build/localisation_librairie build --build-base /home/codespace/ros2_ws/src/src/build/localisation_librairie/build install --record /home/codespace/ros2_ws/src/src/build/localisation_librairie/install.log --install-scripts $base/lib/localisation_librairie --single-version-externally-managed install_data
[0.739s] running egg_info
[0.740s] creating ../build/localisation_librairie/localisation_librairie.egg-info
[0.740s] writing ../build/localisation_librairie/localisation_librairie.egg-info/PKG-INFO
[0.741s] writing dependency_links to ../build/localisation_librairie/localisation_librairie.egg-info/dependency_links.txt
[0.741s] writing entry points to ../build/localisation_librairie/localisation_librairie.egg-info/entry_points.txt
[0.741s] writing requirements to ../build/localisation_librairie/localisation_librairie.egg-info/requires.txt
[0.741s] writing top-level names to ../build/localisation_librairie/localisation_librairie.egg-info/top_level.txt
[0.742s] writing manifest file '../build/localisation_librairie/localisation_librairie.egg-info/SOURCES.txt'
[0.769s] reading manifest file '../build/localisation_librairie/localisation_librairie.egg-info/SOURCES.txt'
[0.769s] writing manifest file '../build/localisation_librairie/localisation_librairie.egg-info/SOURCES.txt'
[0.770s] running build
[0.770s] running build_py
[0.770s] creating /home/codespace/ros2_ws/src/src/build/localisation_librairie/build
[0.770s] creating /home/codespace/ros2_ws/src/src/build/localisation_librairie/build/lib
[0.770s] creating /home/codespace/ros2_ws/src/src/build/localisation_librairie/build/lib/localisation_librairie
[0.772s] copying localisation_librairie/__init__.py -> /home/codespace/ros2_ws/src/src/build/localisation_librairie/build/lib/localisation_librairie
[0.772s] running install
[0.772s] running install_lib
[0.772s] creating /home/codespace/ros2_ws/src/src/install/localisation_librairie/lib/python3.8/site-packages/localisation_librairie
[0.772s] copying /home/codespace/ros2_ws/src/src/build/localisation_librairie/build/lib/localisation_librairie/__init__.py -> /home/codespace/ros2_ws/src/src/install/localisation_librairie/lib/python3.8/site-packages/localisation_librairie
[0.773s] byte-compiling /home/codespace/ros2_ws/src/src/install/localisation_librairie/lib/python3.8/site-packages/localisation_librairie/__init__.py to __init__.cpython-38.pyc
[0.774s] running install_data
[0.774s] creating /home/codespace/ros2_ws/src/src/install/localisation_librairie/share/ament_index
[0.774s] creating /home/codespace/ros2_ws/src/src/install/localisation_librairie/share/ament_index/resource_index
[0.774s] creating /home/codespace/ros2_ws/src/src/install/localisation_librairie/share/ament_index/resource_index/packages
[0.775s] copying resource/localisation_librairie -> /home/codespace/ros2_ws/src/src/install/localisation_librairie/share/ament_index/resource_index/packages
[0.775s] copying package.xml -> /home/codespace/ros2_ws/src/src/install/localisation_librairie/share/localisation_librairie
[0.775s] running install_egg_info
[0.776s] Copying ../build/localisation_librairie/localisation_librairie.egg-info to /home/codespace/ros2_ws/src/src/install/localisation_librairie/lib/python3.8/site-packages/localisation_librairie-0.0.0-py3.8.egg-info
[0.777s] running install_scripts
[0.791s] writing list of installed files to '/home/codespace/ros2_ws/src/src/build/localisation_librairie/install.log'
[0.809s] Invoked command in '/home/codespace/ros2_ws/src/src/localisation_librairie' returned '0': PYTHONPATH=/home/codespace/ros2_ws/src/src/build/localisation_librairie/prefix_override:/usr/lib/python3/dist-packages/colcon_core/task/python/colcon_distutils_commands:/home/codespace/ros2_ws/src/src/install/localisation_librairie/lib/python3.8/site-packages:${PYTHONPATH} /usr/bin/python3 -W ignore:setup.py install is deprecated -W ignore:easy_install command is deprecated setup.py egg_info --egg-base ../build/localisation_librairie build --build-base /home/codespace/ros2_ws/src/src/build/localisation_librairie/build install --record /home/codespace/ros2_ws/src/src/build/localisation_librairie/install.log --install-scripts $base/lib/localisation_librairie --single-version-externally-managed install_data
