running egg_info
creating ../build/navigation_librairie/navigation_librairie.egg-info
writing ../build/navigation_librairie/navigation_librairie.egg-info/PKG-INFO
writing dependency_links to ../build/navigation_librairie/navigation_librairie.egg-info/dependency_links.txt
writing entry points to ../build/navigation_librairie/navigation_librairie.egg-info/entry_points.txt
writing requirements to ../build/navigation_librairie/navigation_librairie.egg-info/requires.txt
writing top-level names to ../build/navigation_librairie/navigation_librairie.egg-info/top_level.txt
writing manifest file '../build/navigation_librairie/navigation_librairie.egg-info/SOURCES.txt'
reading manifest file '../build/navigation_librairie/navigation_librairie.egg-info/SOURCES.txt'
writing manifest file '../build/navigation_librairie/navigation_librairie.egg-info/SOURCES.txt'
running build
running build_py
creating /home/codespace/ros2_ws/src/src/build/navigation_librairie/build
creating /home/codespace/ros2_ws/src/src/build/navigation_librairie/build/lib
creating /home/codespace/ros2_ws/src/src/build/navigation_librairie/build/lib/navigation_librairie
copying navigation_librairie/__init__.py -> /home/codespace/ros2_ws/src/src/build/navigation_librairie/build/lib/navigation_librairie
running install
running install_lib
creating /home/codespace/ros2_ws/src/src/install/navigation_librairie/lib/python3.8/site-packages/navigation_librairie
copying /home/codespace/ros2_ws/src/src/build/navigation_librairie/build/lib/navigation_librairie/__init__.py -> /home/codespace/ros2_ws/src/src/install/navigation_librairie/lib/python3.8/site-packages/navigation_librairie
byte-compiling /home/codespace/ros2_ws/src/src/install/navigation_librairie/lib/python3.8/site-packages/navigation_librairie/__init__.py to __init__.cpython-38.pyc
running install_data
creating /home/codespace/ros2_ws/src/src/install/navigation_librairie/share/ament_index
creating /home/codespace/ros2_ws/src/src/install/navigation_librairie/share/ament_index/resource_index
creating /home/codespace/ros2_ws/src/src/install/navigation_librairie/share/ament_index/resource_index/packages
copying resource/navigation_librairie -> /home/codespace/ros2_ws/src/src/install/navigation_librairie/share/ament_index/resource_index/packages
copying package.xml -> /home/codespace/ros2_ws/src/src/install/navigation_librairie/share/navigation_librairie
running install_egg_info
Copying ../build/navigation_librairie/navigation_librairie.egg-info to /home/codespace/ros2_ws/src/src/install/navigation_librairie/lib/python3.8/site-packages/navigation_librairie-0.0.0-py3.8.egg-info
running install_scripts
writing list of installed files to '/home/codespace/ros2_ws/src/src/build/navigation_librairie/install.log'
