[0.527s] Invoking command in '/home/codespace/ros2_ws/src/src/navigation_librairie': PYTHONPATH=/home/codespace/ros2_ws/src/src/build/navigation_librairie/prefix_override:/usr/lib/python3/dist-packages/colcon_core/task/python/colcon_distutils_commands:/home/codespace/ros2_ws/src/src/install/navigation_librairie/lib/python3.8/site-packages:${PYTHONPATH} /usr/bin/python3 -W ignore:setup.py install is deprecated -W ignore:easy_install command is deprecated setup.py egg_info --egg-base ../build/navigation_librairie build --build-base /home/codespace/ros2_ws/src/src/build/navigation_librairie/build install --record /home/codespace/ros2_ws/src/src/build/navigation_librairie/install.log --install-scripts $base/lib/navigation_librairie --single-version-externally-managed install_data
[0.720s] running egg_info
[0.720s] creating ../build/navigation_librairie/navigation_librairie.egg-info
[0.720s] writing ../build/navigation_librairie/navigation_librairie.egg-info/PKG-INFO
[0.722s] writing dependency_links to ../build/navigation_librairie/navigation_librairie.egg-info/dependency_links.txt
[0.722s] writing entry points to ../build/navigation_librairie/navigation_librairie.egg-info/entry_points.txt
[0.722s] writing requirements to ../build/navigation_librairie/navigation_librairie.egg-info/requires.txt
[0.722s] writing top-level names to ../build/navigation_librairie/navigation_librairie.egg-info/top_level.txt
[0.722s] writing manifest file '../build/navigation_librairie/navigation_librairie.egg-info/SOURCES.txt'
[0.750s] reading manifest file '../build/navigation_librairie/navigation_librairie.egg-info/SOURCES.txt'
[0.750s] writing manifest file '../build/navigation_librairie/navigation_librairie.egg-info/SOURCES.txt'
[0.751s] running build
[0.751s] running build_py
[0.752s] creating /home/codespace/ros2_ws/src/src/build/navigation_librairie/build
[0.752s] creating /home/codespace/ros2_ws/src/src/build/navigation_librairie/build/lib
[0.752s] creating /home/codespace/ros2_ws/src/src/build/navigation_librairie/build/lib/navigation_librairie
[0.752s] copying navigation_librairie/__init__.py -> /home/codespace/ros2_ws/src/src/build/navigation_librairie/build/lib/navigation_librairie
[0.752s] running install
[0.752s] running install_lib
[0.753s] creating /home/codespace/ros2_ws/src/src/install/navigation_librairie/lib/python3.8/site-packages/navigation_librairie
[0.753s] copying /home/codespace/ros2_ws/src/src/build/navigation_librairie/build/lib/navigation_librairie/__init__.py -> /home/codespace/ros2_ws/src/src/install/navigation_librairie/lib/python3.8/site-packages/navigation_librairie
[0.754s] byte-compiling /home/codespace/ros2_ws/src/src/install/navigation_librairie/lib/python3.8/site-packages/navigation_librairie/__init__.py to __init__.cpython-38.pyc
[0.755s] running install_data
[0.755s] creating /home/codespace/ros2_ws/src/src/install/navigation_librairie/share/ament_index
[0.755s] creating /home/codespace/ros2_ws/src/src/install/navigation_librairie/share/ament_index/resource_index
[0.755s] creating /home/codespace/ros2_ws/src/src/install/navigation_librairie/share/ament_index/resource_index/packages
[0.756s] copying resource/navigation_librairie -> /home/codespace/ros2_ws/src/src/install/navigation_librairie/share/ament_index/resource_index/packages
[0.756s] copying package.xml -> /home/codespace/ros2_ws/src/src/install/navigation_librairie/share/navigation_librairie
[0.756s] running install_egg_info
[0.757s] Copying ../build/navigation_librairie/navigation_librairie.egg-info to /home/codespace/ros2_ws/src/src/install/navigation_librairie/lib/python3.8/site-packages/navigation_librairie-0.0.0-py3.8.egg-info
[0.758s] running install_scripts
[0.773s] writing list of installed files to '/home/codespace/ros2_ws/src/src/build/navigation_librairie/install.log'
[0.791s] Invoked command in '/home/codespace/ros2_ws/src/src/navigation_librairie' returned '0': PYTHONPATH=/home/codespace/ros2_ws/src/src/build/navigation_librairie/prefix_override:/usr/lib/python3/dist-packages/colcon_core/task/python/colcon_distutils_commands:/home/codespace/ros2_ws/src/src/install/navigation_librairie/lib/python3.8/site-packages:${PYTHONPATH} /usr/bin/python3 -W ignore:setup.py install is deprecated -W ignore:easy_install command is deprecated setup.py egg_info --egg-base ../build/navigation_librairie build --build-base /home/codespace/ros2_ws/src/src/build/navigation_librairie/build install --record /home/codespace/ros2_ws/src/src/build/navigation_librairie/install.log --install-scripts $base/lib/navigation_librairie --single-version-externally-managed install_data
