[1.113s] Invoking command in '/home/codespace/ros2_ws/build/localisation_librairie': PYTHONPATH=/home/codespace/ros2_ws/build/localisation_librairie/prefix_override:/usr/lib/python3/dist-packages/colcon_core/task/python/colcon_distutils_commands:/home/codespace/ros2_ws/install/localisation_librairie/lib/python3.8/site-packages:${PYTHONPATH} /usr/bin/python3 -W ignore:setup.py install is deprecated -W ignore:easy_install command is deprecated setup.py develop --editable --build-directory /home/codespace/ros2_ws/build/localisation_librairie/build --no-deps symlink_data --force
[1.435s] running develop
[1.610s] running egg_info
[1.612s] writing localisation_librairie.egg-info/PKG-INFO
[1.612s] writing dependency_links to localisation_librairie.egg-info/dependency_links.txt
[1.613s] writing entry points to localisation_librairie.egg-info/entry_points.txt
[1.613s] writing requirements to localisation_librairie.egg-info/requires.txt
[1.613s] writing top-level names to localisation_librairie.egg-info/top_level.txt
[1.658s] reading manifest file 'localisation_librairie.egg-info/SOURCES.txt'
[1.660s] writing manifest file 'localisation_librairie.egg-info/SOURCES.txt'
[1.720s] running build_ext
[1.722s] Creating /home/codespace/ros2_ws/install/localisation_librairie/lib/python3.8/site-packages/localisation-librairie.egg-link (link to .)
[1.722s] Installing book_database script to /home/codespace/ros2_ws/install/localisation_librairie/lib/localisation_librairie
[1.722s] Installing request_manager script to /home/codespace/ros2_ws/install/localisation_librairie/lib/localisation_librairie
[1.723s] 
[1.725s] Installed /home/codespace/ros2_ws/build/localisation_librairie
[1.726s] running symlink_data
[1.726s] symbolically linking /home/codespace/ros2_ws/build/localisation_librairie/resource/localisation_librairie -> /home/codespace/ros2_ws/install/localisation_librairie/share/ament_index/resource_index/ament_package
[1.726s] symbolically linking /home/codespace/ros2_ws/build/localisation_librairie/package.xml -> /home/codespace/ros2_ws/install/localisation_librairie/share/localisation_librairie
[1.758s] Invoked command in '/home/codespace/ros2_ws/build/localisation_librairie' returned '0': PYTHONPATH=/home/codespace/ros2_ws/build/localisation_librairie/prefix_override:/usr/lib/python3/dist-packages/colcon_core/task/python/colcon_distutils_commands:/home/codespace/ros2_ws/install/localisation_librairie/lib/python3.8/site-packages:${PYTHONPATH} /usr/bin/python3 -W ignore:setup.py install is deprecated -W ignore:easy_install command is deprecated setup.py develop --editable --build-directory /home/codespace/ros2_ws/build/localisation_librairie/build --no-deps symlink_data --force
