[1.110s] Invoking command in '/home/codespace/ros2_ws/src/src/localisation_librairie': PYTHONPATH=/home/codespace/ros2_ws/build/localisation_librairie/prefix_override:/usr/lib/python3/dist-packages/colcon_core/task/python/colcon_distutils_commands:/home/codespace/ros2_ws/install/localisation_librairie/lib/python3.8/site-packages:${PYTHONPATH} /usr/bin/python3 -W ignore:setup.py install is deprecated -W ignore:easy_install command is deprecated setup.py egg_info --egg-base ../../../build/localisation_librairie build --build-base /home/codespace/ros2_ws/build/localisation_librairie/build install --record /home/codespace/ros2_ws/build/localisation_librairie/install.log --install-scripts $base/lib/localisation_librairie --single-version-externally-managed install_data
[1.417s] running egg_info
[1.417s] creating ../../../build/localisation_librairie/localisation_librairie.egg-info
[1.417s] writing ../../../build/localisation_librairie/localisation_librairie.egg-info/PKG-INFO
[1.418s] writing dependency_links to ../../../build/localisation_librairie/localisation_librairie.egg-info/dependency_links.txt
[1.418s] writing entry points to ../../../build/localisation_librairie/localisation_librairie.egg-info/entry_points.txt
[1.418s] writing requirements to ../../../build/localisation_librairie/localisation_librairie.egg-info/requires.txt
[1.418s] writing top-level names to ../../../build/localisation_librairie/localisation_librairie.egg-info/top_level.txt
[1.420s] writing manifest file '../../../build/localisation_librairie/localisation_librairie.egg-info/SOURCES.txt'
[1.468s] reading manifest file '../../../build/localisation_librairie/localisation_librairie.egg-info/SOURCES.txt'
[1.469s] writing manifest file '../../../build/localisation_librairie/localisation_librairie.egg-info/SOURCES.txt'
[1.469s] running build
[1.469s] running build_py
[1.469s] creating /home/codespace/ros2_ws/build/localisation_librairie/build
[1.469s] creating /home/codespace/ros2_ws/build/localisation_librairie/build/lib
[1.469s] creating /home/codespace/ros2_ws/build/localisation_librairie/build/lib/localisation_librairie
[1.469s] copying localisation_librairie/request_manager.py -> /home/codespace/ros2_ws/build/localisation_librairie/build/lib/localisation_librairie
[1.470s] copying localisation_librairie/__init__.py -> /home/codespace/ros2_ws/build/localisation_librairie/build/lib/localisation_librairie
[1.470s] copying localisation_librairie/book_database.py -> /home/codespace/ros2_ws/build/localisation_librairie/build/lib/localisation_librairie
[1.470s] running install
[1.471s] running install_lib
[1.472s] creating /home/codespace/ros2_ws/install/localisation_librairie/lib/python3.8/site-packages/localisation_librairie
[1.472s] copying /home/codespace/ros2_ws/build/localisation_librairie/build/lib/localisation_librairie/request_manager.py -> /home/codespace/ros2_ws/install/localisation_librairie/lib/python3.8/site-packages/localisation_librairie
[1.472s] copying /home/codespace/ros2_ws/build/localisation_librairie/build/lib/localisation_librairie/__init__.py -> /home/codespace/ros2_ws/install/localisation_librairie/lib/python3.8/site-packages/localisation_librairie
[1.472s] copying /home/codespace/ros2_ws/build/localisation_librairie/build/lib/localisation_librairie/book_database.py -> /home/codespace/ros2_ws/install/localisation_librairie/lib/python3.8/site-packages/localisation_librairie
[1.473s] byte-compiling /home/codespace/ros2_ws/install/localisation_librairie/lib/python3.8/site-packages/localisation_librairie/request_manager.py to request_manager.cpython-38.pyc
[1.475s] byte-compiling /home/codespace/ros2_ws/install/localisation_librairie/lib/python3.8/site-packages/localisation_librairie/__init__.py to __init__.cpython-38.pyc
[1.476s] byte-compiling /home/codespace/ros2_ws/install/localisation_librairie/lib/python3.8/site-packages/localisation_librairie/book_database.py to book_database.cpython-38.pyc
[1.476s] running install_data
[1.476s] creating /home/codespace/ros2_ws/install/localisation_librairie/share/ament_index
[1.476s] creating /home/codespace/ros2_ws/install/localisation_librairie/share/ament_index/resource_index
[1.476s] creating /home/codespace/ros2_ws/install/localisation_librairie/share/ament_index/resource_index/packages
[1.476s] copying resource/localisation_librairie -> /home/codespace/ros2_ws/install/localisation_librairie/share/ament_index/resource_index/packages
[1.476s] copying package.xml -> /home/codespace/ros2_ws/install/localisation_librairie/share/localisation_librairie
[1.476s] running install_egg_info
[1.478s] Copying ../../../build/localisation_librairie/localisation_librairie.egg-info to /home/codespace/ros2_ws/install/localisation_librairie/lib/python3.8/site-packages/localisation_librairie-0.0.0-py3.8.egg-info
[1.479s] running install_scripts
[1.512s] writing list of installed files to '/home/codespace/ros2_ws/build/localisation_librairie/install.log'
[1.714s] Invoked command in '/home/codespace/ros2_ws/src/src/localisation_librairie' returned '0': PYTHONPATH=/home/codespace/ros2_ws/build/localisation_librairie/prefix_override:/usr/lib/python3/dist-packages/colcon_core/task/python/colcon_distutils_commands:/home/codespace/ros2_ws/install/localisation_librairie/lib/python3.8/site-packages:${PYTHONPATH} /usr/bin/python3 -W ignore:setup.py install is deprecated -W ignore:easy_install command is deprecated setup.py egg_info --egg-base ../../../build/localisation_librairie build --build-base /home/codespace/ros2_ws/build/localisation_librairie/build install --record /home/codespace/ros2_ws/build/localisation_librairie/install.log --install-scripts $base/lib/localisation_librairie --single-version-externally-managed install_data
