[0.530s] Invoking command in '/home/codespace/ros2_ws/src/src/navigation_librairie': PYTHONPATH=/home/codespace/ros2_ws/build/navigation_librairie/prefix_override:/usr/lib/python3/dist-packages/colcon_core/task/python/colcon_distutils_commands:/home/codespace/ros2_ws/install/navigation_librairie/lib/python3.8/site-packages:${PYTHONPATH} /usr/bin/python3 -W ignore:setup.py install is deprecated -W ignore:easy_install command is deprecated setup.py egg_info --egg-base ../../../build/navigation_librairie build --build-base /home/codespace/ros2_ws/build/navigation_librairie/build install --record /home/codespace/ros2_ws/build/navigation_librairie/install.log --install-scripts $base/lib/navigation_librairie --single-version-externally-managed install_data
[0.713s] running egg_info
[0.714s] creating ../../../build/navigation_librairie/navigation_librairie.egg-info
[0.714s] writing ../../../build/navigation_librairie/navigation_librairie.egg-info/PKG-INFO
[0.714s] writing dependency_links to ../../../build/navigation_librairie/navigation_librairie.egg-info/dependency_links.txt
[0.714s] writing entry points to ../../../build/navigation_librairie/navigation_librairie.egg-info/entry_points.txt
[0.715s] writing requirements to ../../../build/navigation_librairie/navigation_librairie.egg-info/requires.txt
[0.715s] writing top-level names to ../../../build/navigation_librairie/navigation_librairie.egg-info/top_level.txt
[0.716s] writing manifest file '../../../build/navigation_librairie/navigation_librairie.egg-info/SOURCES.txt'
[0.744s] reading manifest file '../../../build/navigation_librairie/navigation_librairie.egg-info/SOURCES.txt'
[0.745s] writing manifest file '../../../build/navigation_librairie/navigation_librairie.egg-info/SOURCES.txt'
[0.745s] running build
[0.745s] running build_py
[0.745s] creating /home/codespace/ros2_ws/build/navigation_librairie/build
[0.745s] creating /home/codespace/ros2_ws/build/navigation_librairie/build/lib
[0.745s] creating /home/codespace/ros2_ws/build/navigation_librairie/build/lib/navigation_librairie
[0.746s] copying navigation_librairie/__init__.py -> /home/codespace/ros2_ws/build/navigation_librairie/build/lib/navigation_librairie
[0.746s] running install
[0.746s] running install_lib
[0.747s] creating /home/codespace/ros2_ws/install/navigation_librairie/lib/python3.8/site-packages/navigation_librairie
[0.747s] copying /home/codespace/ros2_ws/build/navigation_librairie/build/lib/navigation_librairie/__init__.py -> /home/codespace/ros2_ws/install/navigation_librairie/lib/python3.8/site-packages/navigation_librairie
[0.748s] byte-compiling /home/codespace/ros2_ws/install/navigation_librairie/lib/python3.8/site-packages/navigation_librairie/__init__.py to __init__.cpython-38.pyc
[0.749s] running install_data
[0.749s] creating /home/codespace/ros2_ws/install/navigation_librairie/share/ament_index
[0.749s] creating /home/codespace/ros2_ws/install/navigation_librairie/share/ament_index/resource_index
[0.749s] creating /home/codespace/ros2_ws/install/navigation_librairie/share/ament_index/resource_index/packages
[0.749s] copying resource/navigation_librairie -> /home/codespace/ros2_ws/install/navigation_librairie/share/ament_index/resource_index/packages
[0.749s] copying package.xml -> /home/codespace/ros2_ws/install/navigation_librairie/share/navigation_librairie
[0.749s] running install_egg_info
[0.751s] Copying ../../../build/navigation_librairie/navigation_librairie.egg-info to /home/codespace/ros2_ws/install/navigation_librairie/lib/python3.8/site-packages/navigation_librairie-0.0.0-py3.8.egg-info
[0.751s] running install_scripts
[0.766s] writing list of installed files to '/home/codespace/ros2_ws/build/navigation_librairie/install.log'
[0.784s] Invoked command in '/home/codespace/ros2_ws/src/src/navigation_librairie' returned '0': PYTHONPATH=/home/codespace/ros2_ws/build/navigation_librairie/prefix_override:/usr/lib/python3/dist-packages/colcon_core/task/python/colcon_distutils_commands:/home/codespace/ros2_ws/install/navigation_librairie/lib/python3.8/site-packages:${PYTHONPATH} /usr/bin/python3 -W ignore:setup.py install is deprecated -W ignore:easy_install command is deprecated setup.py egg_info --egg-base ../../../build/navigation_librairie build --build-base /home/codespace/ros2_ws/build/navigation_librairie/build install --record /home/codespace/ros2_ws/build/navigation_librairie/install.log --install-scripts $base/lib/navigation_librairie --single-version-externally-managed install_data
