[0.965s] Invoking command in '/home/codespace/ros2_ws/src/src/gestion_utilisateur': PYTHONPATH=/home/codespace/ros2_ws/src/src/build/gestion_utilisateur/prefix_override:/usr/lib/python3/dist-packages/colcon_core/task/python/colcon_distutils_commands:/home/codespace/ros2_ws/src/src/install/gestion_utilisateur/lib/python3.8/site-packages:${PYTHONPATH} /usr/bin/python3 -W ignore:setup.py install is deprecated -W ignore:easy_install command is deprecated setup.py egg_info --egg-base ../build/gestion_utilisateur build --build-base /home/codespace/ros2_ws/src/src/build/gestion_utilisateur/build install --record /home/codespace/ros2_ws/src/src/build/gestion_utilisateur/install.log --install-scripts $base/lib/gestion_utilisateur --single-version-externally-managed install_data
[1.417s] running egg_info
[1.418s] creating ../build/gestion_utilisateur/gestion_utilisateur.egg-info
[1.418s] writing ../build/gestion_utilisateur/gestion_utilisateur.egg-info/PKG-INFO
[1.419s] writing dependency_links to ../build/gestion_utilisateur/gestion_utilisateur.egg-info/dependency_links.txt
[1.420s] writing entry points to ../build/gestion_utilisateur/gestion_utilisateur.egg-info/entry_points.txt
[1.421s] writing requirements to ../build/gestion_utilisateur/gestion_utilisateur.egg-info/requires.txt
[1.421s] writing top-level names to ../build/gestion_utilisateur/gestion_utilisateur.egg-info/top_level.txt
[1.423s] writing manifest file '../build/gestion_utilisateur/gestion_utilisateur.egg-info/SOURCES.txt'
[1.491s] reading manifest file '../build/gestion_utilisateur/gestion_utilisateur.egg-info/SOURCES.txt'
[1.494s] writing manifest file '../build/gestion_utilisateur/gestion_utilisateur.egg-info/SOURCES.txt'
[1.496s] running build
[1.496s] running build_py
[1.497s] creating /home/codespace/ros2_ws/src/src/build/gestion_utilisateur/build
[1.497s] creating /home/codespace/ros2_ws/src/src/build/gestion_utilisateur/build/lib
[1.498s] creating /home/codespace/ros2_ws/src/src/build/gestion_utilisateur/build/lib/gestion_utilisateur
[1.498s] copying gestion_utilisateur/__init__.py -> /home/codespace/ros2_ws/src/src/build/gestion_utilisateur/build/lib/gestion_utilisateur
[1.500s] running install
[1.501s] running install_lib
[1.515s] creating /home/codespace/ros2_ws/src/src/install/gestion_utilisateur/lib/python3.8/site-packages/gestion_utilisateur
[1.517s] copying /home/codespace/ros2_ws/src/src/build/gestion_utilisateur/build/lib/gestion_utilisateur/__init__.py -> /home/codespace/ros2_ws/src/src/install/gestion_utilisateur/lib/python3.8/site-packages/gestion_utilisateur
[1.518s] byte-compiling /home/codespace/ros2_ws/src/src/install/gestion_utilisateur/lib/python3.8/site-packages/gestion_utilisateur/__init__.py to __init__.cpython-38.pyc
[1.525s] running install_data
[1.525s] creating /home/codespace/ros2_ws/src/src/install/gestion_utilisateur/share/ament_index
[1.525s] creating /home/codespace/ros2_ws/src/src/install/gestion_utilisateur/share/ament_index/resource_index
[1.525s] creating /home/codespace/ros2_ws/src/src/install/gestion_utilisateur/share/ament_index/resource_index/packages
[1.525s] copying resource/gestion_utilisateur -> /home/codespace/ros2_ws/src/src/install/gestion_utilisateur/share/ament_index/resource_index/packages
[1.525s] copying package.xml -> /home/codespace/ros2_ws/src/src/install/gestion_utilisateur/share/gestion_utilisateur
[1.525s] running install_egg_info
[1.525s] Copying ../build/gestion_utilisateur/gestion_utilisateur.egg-info to /home/codespace/ros2_ws/src/src/install/gestion_utilisateur/lib/python3.8/site-packages/gestion_utilisateur-0.0.0-py3.8.egg-info
[1.528s] running install_scripts
[1.550s] writing list of installed files to '/home/codespace/ros2_ws/src/src/build/gestion_utilisateur/install.log'
[1.753s] Invoked command in '/home/codespace/ros2_ws/src/src/gestion_utilisateur' returned '0': PYTHONPATH=/home/codespace/ros2_ws/src/src/build/gestion_utilisateur/prefix_override:/usr/lib/python3/dist-packages/colcon_core/task/python/colcon_distutils_commands:/home/codespace/ros2_ws/src/src/install/gestion_utilisateur/lib/python3.8/site-packages:${PYTHONPATH} /usr/bin/python3 -W ignore:setup.py install is deprecated -W ignore:easy_install command is deprecated setup.py egg_info --egg-base ../build/gestion_utilisateur build --build-base /home/codespace/ros2_ws/src/src/build/gestion_utilisateur/build install --record /home/codespace/ros2_ws/src/src/build/gestion_utilisateur/install.log --install-scripts $base/lib/gestion_utilisateur --single-version-externally-managed install_data
