[0.904s] Invoking command in '/home/codespace/ros2_ws/src/src/localisation_librairie': PYTHONPATH=/home/codespace/ros2_ws/src/src/build/localisation_librairie/prefix_override:/usr/lib/python3/dist-packages/colcon_core/task/python/colcon_distutils_commands:/home/codespace/ros2_ws/src/src/install/localisation_librairie/lib/python3.8/site-packages:${PYTHONPATH} /usr/bin/python3 -W ignore:setup.py install is deprecated -W ignore:easy_install command is deprecated setup.py egg_info --egg-base ../build/localisation_librairie build --build-base /home/codespace/ros2_ws/src/src/build/localisation_librairie/build install --record /home/codespace/ros2_ws/src/src/build/localisation_librairie/install.log --install-scripts $base/lib/localisation_librairie --single-version-externally-managed install_data
[1.378s] running egg_info
[1.379s] writing ../build/localisation_librairie/localisation_librairie.egg-info/PKG-INFO
[1.381s] writing dependency_links to ../build/localisation_librairie/localisation_librairie.egg-info/dependency_links.txt
[1.382s] writing entry points to ../build/localisation_librairie/localisation_librairie.egg-info/entry_points.txt
[1.382s] writing requirements to ../build/localisation_librairie/localisation_librairie.egg-info/requires.txt
[1.383s] writing top-level names to ../build/localisation_librairie/localisation_librairie.egg-info/top_level.txt
[1.445s] reading manifest file '../build/localisation_librairie/localisation_librairie.egg-info/SOURCES.txt'
[1.450s] writing manifest file '../build/localisation_librairie/localisation_librairie.egg-info/SOURCES.txt'
[1.450s] running build
[1.450s] running build_py
[1.451s] running install
[1.452s] running install_lib
[1.454s] running install_data
[1.454s] running install_egg_info
[1.457s] removing '/home/codespace/ros2_ws/src/src/install/localisation_librairie/lib/python3.8/site-packages/localisation_librairie-0.0.0-py3.8.egg-info' (and everything under it)
[1.457s] Copying ../build/localisation_librairie/localisation_librairie.egg-info to /home/codespace/ros2_ws/src/src/install/localisation_librairie/lib/python3.8/site-packages/localisation_librairie-0.0.0-py3.8.egg-info
[1.458s] running install_scripts
[1.484s] writing list of installed files to '/home/codespace/ros2_ws/src/src/build/localisation_librairie/install.log'
[1.514s] Invoked command in '/home/codespace/ros2_ws/src/src/localisation_librairie' returned '0': PYTHONPATH=/home/codespace/ros2_ws/src/src/build/localisation_librairie/prefix_override:/usr/lib/python3/dist-packages/colcon_core/task/python/colcon_distutils_commands:/home/codespace/ros2_ws/src/src/install/localisation_librairie/lib/python3.8/site-packages:${PYTHONPATH} /usr/bin/python3 -W ignore:setup.py install is deprecated -W ignore:easy_install command is deprecated setup.py egg_info --egg-base ../build/localisation_librairie build --build-base /home/codespace/ros2_ws/src/src/build/localisation_librairie/build install --record /home/codespace/ros2_ws/src/src/build/localisation_librairie/install.log --install-scripts $base/lib/localisation_librairie --single-version-externally-managed install_data
