[1.040s] Invoking command in '/home/codespace/ros2_ws/src/src/localisation_librairie': PYTHONPATH=/home/codespace/ros2_ws/build/localisation_librairie/prefix_override:/usr/lib/python3/dist-packages/colcon_core/task/python/colcon_distutils_commands:/home/codespace/ros2_ws/install/localisation_librairie/lib/python3.8/site-packages:${PYTHONPATH} /usr/bin/python3 -W ignore:setup.py install is deprecated -W ignore:easy_install command is deprecated setup.py egg_info --egg-base ../../../build/localisation_librairie build --build-base /home/codespace/ros2_ws/build/localisation_librairie/build install --record /home/codespace/ros2_ws/build/localisation_librairie/install.log --install-scripts $base/lib/localisation_librairie --single-version-externally-managed install_data
[1.451s] running egg_info
[1.452s] writing ../../../build/localisation_librairie/localisation_librairie.egg-info/PKG-INFO
[1.452s] writing dependency_links to ../../../build/localisation_librairie/localisation_librairie.egg-info/dependency_links.txt
[1.452s] writing entry points to ../../../build/localisation_librairie/localisation_librairie.egg-info/entry_points.txt
[1.452s] writing requirements to ../../../build/localisation_librairie/localisation_librairie.egg-info/requires.txt
[1.453s] writing top-level names to ../../../build/localisation_librairie/localisation_librairie.egg-info/top_level.txt
[1.501s] reading manifest file '../../../build/localisation_librairie/localisation_librairie.egg-info/SOURCES.txt'
[1.503s] writing manifest file '../../../build/localisation_librairie/localisation_librairie.egg-info/SOURCES.txt'
[1.504s] running build
[1.504s] running build_py
[1.506s] running install
[1.507s] running install_lib
[1.512s] running install_data
[1.513s] creating /home/codespace/ros2_ws/install/localisation_librairie/share/ament_index/resource_index/ament_package
[1.513s] copying resource/localisation_librairie -> /home/codespace/ros2_ws/install/localisation_librairie/share/ament_index/resource_index/ament_package
[1.513s] running install_egg_info
[1.516s] Copying ../../../build/localisation_librairie/localisation_librairie.egg-info to /home/codespace/ros2_ws/install/localisation_librairie/lib/python3.8/site-packages/localisation_librairie-0.0.1-py3.8.egg-info
[1.517s] running install_scripts
[1.540s] Installing book_database script to /home/codespace/ros2_ws/install/localisation_librairie/lib/localisation_librairie
[1.540s] Installing request_manager script to /home/codespace/ros2_ws/install/localisation_librairie/lib/localisation_librairie
[1.541s] writing list of installed files to '/home/codespace/ros2_ws/build/localisation_librairie/install.log'
[1.578s] Invoked command in '/home/codespace/ros2_ws/src/src/localisation_librairie' returned '0': PYTHONPATH=/home/codespace/ros2_ws/build/localisation_librairie/prefix_override:/usr/lib/python3/dist-packages/colcon_core/task/python/colcon_distutils_commands:/home/codespace/ros2_ws/install/localisation_librairie/lib/python3.8/site-packages:${PYTHONPATH} /usr/bin/python3 -W ignore:setup.py install is deprecated -W ignore:easy_install command is deprecated setup.py egg_info --egg-base ../../../build/localisation_librairie build --build-base /home/codespace/ros2_ws/build/localisation_librairie/build install --record /home/codespace/ros2_ws/build/localisation_librairie/install.log --install-scripts $base/lib/localisation_librairie --single-version-externally-managed install_data
