[1.214s] Invoking command in '/home/codespace/ros2_ws/src/src/gestion_utilisateur': PYTHONPATH=/home/codespace/ros2_ws/src/src/build/gestion_utilisateur/prefix_override:/usr/lib/python3/dist-packages/colcon_core/task/python/colcon_distutils_commands:/home/codespace/ros2_ws/src/src/install/gestion_utilisateur/lib/python3.8/site-packages:${PYTHONPATH} /usr/bin/python3 -W ignore:setup.py install is deprecated -W ignore:easy_install command is deprecated setup.py egg_info --egg-base ../build/gestion_utilisateur build --build-base /home/codespace/ros2_ws/src/src/build/gestion_utilisateur/build install --record /home/codespace/ros2_ws/src/src/build/gestion_utilisateur/install.log --install-scripts $base/lib/gestion_utilisateur --single-version-externally-managed install_data
[1.794s] running egg_info
[1.797s] writing ../build/gestion_utilisateur/gestion_utilisateur.egg-info/PKG-INFO
[1.798s] writing dependency_links to ../build/gestion_utilisateur/gestion_utilisateur.egg-info/dependency_links.txt
[1.802s] writing entry points to ../build/gestion_utilisateur/gestion_utilisateur.egg-info/entry_points.txt
[1.802s] writing requirements to ../build/gestion_utilisateur/gestion_utilisateur.egg-info/requires.txt
[1.802s] writing top-level names to ../build/gestion_utilisateur/gestion_utilisateur.egg-info/top_level.txt
[1.857s] reading manifest file '../build/gestion_utilisateur/gestion_utilisateur.egg-info/SOURCES.txt'
[1.859s] writing manifest file '../build/gestion_utilisateur/gestion_utilisateur.egg-info/SOURCES.txt'
[1.860s] running build
[1.861s] running build_py
[1.861s] running install
[1.864s] running install_lib
[1.866s] running install_data
[1.867s] running install_egg_info
[1.870s] removing '/home/codespace/ros2_ws/src/src/install/gestion_utilisateur/lib/python3.8/site-packages/gestion_utilisateur-0.0.0-py3.8.egg-info' (and everything under it)
[1.879s] Copying ../build/gestion_utilisateur/gestion_utilisateur.egg-info to /home/codespace/ros2_ws/src/src/install/gestion_utilisateur/lib/python3.8/site-packages/gestion_utilisateur-0.0.0-py3.8.egg-info
[1.890s] running install_scripts
[1.913s] writing list of installed files to '/home/codespace/ros2_ws/src/src/build/gestion_utilisateur/install.log'
[2.062s] Invoked command in '/home/codespace/ros2_ws/src/src/gestion_utilisateur' returned '0': PYTHONPATH=/home/codespace/ros2_ws/src/src/build/gestion_utilisateur/prefix_override:/usr/lib/python3/dist-packages/colcon_core/task/python/colcon_distutils_commands:/home/codespace/ros2_ws/src/src/install/gestion_utilisateur/lib/python3.8/site-packages:${PYTHONPATH} /usr/bin/python3 -W ignore:setup.py install is deprecated -W ignore:easy_install command is deprecated setup.py egg_info --egg-base ../build/gestion_utilisateur build --build-base /home/codespace/ros2_ws/src/src/build/gestion_utilisateur/build install --record /home/codespace/ros2_ws/src/src/build/gestion_utilisateur/install.log --install-scripts $base/lib/gestion_utilisateur --single-version-externally-managed install_data
