[0.893s] Invoking command in '/home/codespace/ros2_ws/src/src/navigation_librairie': PYTHONPATH=/home/codespace/ros2_ws/src/src/build/navigation_librairie/prefix_override:/usr/lib/python3/dist-packages/colcon_core/task/python/colcon_distutils_commands:/home/codespace/ros2_ws/src/src/install/navigation_librairie/lib/python3.8/site-packages:${PYTHONPATH} /usr/bin/python3 -W ignore:setup.py install is deprecated -W ignore:easy_install command is deprecated setup.py egg_info --egg-base ../build/navigation_librairie build --build-base /home/codespace/ros2_ws/src/src/build/navigation_librairie/build install --record /home/codespace/ros2_ws/src/src/build/navigation_librairie/install.log --install-scripts $base/lib/navigation_librairie --single-version-externally-managed install_data
[1.070s] running egg_info
[1.072s] writing ../build/navigation_librairie/navigation_librairie.egg-info/PKG-INFO
[1.073s] writing dependency_links to ../build/navigation_librairie/navigation_librairie.egg-info/dependency_links.txt
[1.074s] writing entry points to ../build/navigation_librairie/navigation_librairie.egg-info/entry_points.txt
[1.075s] writing requirements to ../build/navigation_librairie/navigation_librairie.egg-info/requires.txt
[1.075s] writing top-level names to ../build/navigation_librairie/navigation_librairie.egg-info/top_level.txt
[1.108s] reading manifest file '../build/navigation_librairie/navigation_librairie.egg-info/SOURCES.txt'
[1.110s] writing manifest file '../build/navigation_librairie/navigation_librairie.egg-info/SOURCES.txt'
[1.111s] running build
[1.112s] running build_py
[1.113s] running install
[1.114s] running install_lib
[1.116s] running install_data
[1.117s] running install_egg_info
[1.120s] removing '/home/codespace/ros2_ws/src/src/install/navigation_librairie/lib/python3.8/site-packages/navigation_librairie-0.0.0-py3.8.egg-info' (and everything under it)
[1.123s] Copying ../build/navigation_librairie/navigation_librairie.egg-info to /home/codespace/ros2_ws/src/src/install/navigation_librairie/lib/python3.8/site-packages/navigation_librairie-0.0.0-py3.8.egg-info
[1.133s] running install_scripts
[1.149s] writing list of installed files to '/home/codespace/ros2_ws/src/src/build/navigation_librairie/install.log'
[1.168s] Invoked command in '/home/codespace/ros2_ws/src/src/navigation_librairie' returned '0': PYTHONPATH=/home/codespace/ros2_ws/src/src/build/navigation_librairie/prefix_override:/usr/lib/python3/dist-packages/colcon_core/task/python/colcon_distutils_commands:/home/codespace/ros2_ws/src/src/install/navigation_librairie/lib/python3.8/site-packages:${PYTHONPATH} /usr/bin/python3 -W ignore:setup.py install is deprecated -W ignore:easy_install command is deprecated setup.py egg_info --egg-base ../build/navigation_librairie build --build-base /home/codespace/ros2_ws/src/src/build/navigation_librairie/build install --record /home/codespace/ros2_ws/src/src/build/navigation_librairie/install.log --install-scripts $base/lib/navigation_librairie --single-version-externally-managed install_data
