[1.123s] Invoking command in '/home/codespace/ros2_ws/src/src/localisation_librairie': PYTHONPATH=/home/codespace/ros2_ws/build/localisation_librairie/prefix_override:/usr/lib/python3/dist-packages/colcon_core/task/python/colcon_distutils_commands:/home/codespace/ros2_ws/install/localisation_librairie/lib/python3.8/site-packages:${PYTHONPATH} /usr/bin/python3 -W ignore:setup.py install is deprecated -W ignore:easy_install command is deprecated setup.py egg_info --egg-base ../../../build/localisation_librairie build --build-base /home/codespace/ros2_ws/build/localisation_librairie/build install --record /home/codespace/ros2_ws/build/localisation_librairie/install.log --install-scripts $base/lib/localisation_librairie --single-version-externally-managed install_data
[1.518s] running egg_info
[1.520s] writing ../../../build/localisation_librairie/localisation_librairie.egg-info/PKG-INFO
[1.521s] writing dependency_links to ../../../build/localisation_librairie/localisation_librairie.egg-info/dependency_links.txt
[1.521s] writing entry points to ../../../build/localisation_librairie/localisation_librairie.egg-info/entry_points.txt
[1.521s] writing requirements to ../../../build/localisation_librairie/localisation_librairie.egg-info/requires.txt
[1.521s] writing top-level names to ../../../build/localisation_librairie/localisation_librairie.egg-info/top_level.txt
[1.572s] reading manifest file '../../../build/localisation_librairie/localisation_librairie.egg-info/SOURCES.txt'
[1.574s] writing manifest file '../../../build/localisation_librairie/localisation_librairie.egg-info/SOURCES.txt'
[1.574s] running build
[1.574s] running build_py
[1.574s] running install
[1.575s] running install_lib
[1.577s] running install_data
[1.577s] running install_egg_info
[1.579s] removing '/home/codespace/ros2_ws/install/localisation_librairie/lib/python3.8/site-packages/localisation_librairie-0.0.1-py3.8.egg-info' (and everything under it)
[1.580s] Copying ../../../build/localisation_librairie/localisation_librairie.egg-info to /home/codespace/ros2_ws/install/localisation_librairie/lib/python3.8/site-packages/localisation_librairie-0.0.1-py3.8.egg-info
[1.581s] running install_scripts
[1.603s] Installing book_database script to /home/codespace/ros2_ws/install/localisation_librairie/lib/localisation_librairie
[1.604s] Installing request_manager script to /home/codespace/ros2_ws/install/localisation_librairie/lib/localisation_librairie
[1.604s] writing list of installed files to '/home/codespace/ros2_ws/build/localisation_librairie/install.log'
[1.791s] Invoked command in '/home/codespace/ros2_ws/src/src/localisation_librairie' returned '0': PYTHONPATH=/home/codespace/ros2_ws/build/localisation_librairie/prefix_override:/usr/lib/python3/dist-packages/colcon_core/task/python/colcon_distutils_commands:/home/codespace/ros2_ws/install/localisation_librairie/lib/python3.8/site-packages:${PYTHONPATH} /usr/bin/python3 -W ignore:setup.py install is deprecated -W ignore:easy_install command is deprecated setup.py egg_info --egg-base ../../../build/localisation_librairie build --build-base /home/codespace/ros2_ws/build/localisation_librairie/build install --record /home/codespace/ros2_ws/build/localisation_librairie/install.log --install-scripts $base/lib/localisation_librairie --single-version-externally-managed install_data
