[1.040s] Invoking command in '/home/codespace/ros2_ws/build/gestion_utilisateur': PYTHONPATH=/home/codespace/ros2_ws/build/gestion_utilisateur/prefix_override:/usr/lib/python3/dist-packages/colcon_core/task/python/colcon_distutils_commands:/home/codespace/ros2_ws/install/gestion_utilisateur/lib/python3.8/site-packages:${PYTHONPATH} /usr/bin/python3 -W ignore:setup.py install is deprecated -W ignore:easy_install command is deprecated setup.py develop --uninstall --editable --build-directory /home/codespace/ros2_ws/build/gestion_utilisateur/build
[1.392s] running develop
[1.561s] Removing /home/codespace/ros2_ws/install/gestion_utilisateur/lib/python3.8/site-packages/gestion-utilisateur.egg-link (link to .)
[1.589s] Invoked command in '/home/codespace/ros2_ws/build/gestion_utilisateur' returned '0': PYTHONPATH=/home/codespace/ros2_ws/build/gestion_utilisateur/prefix_override:/usr/lib/python3/dist-packages/colcon_core/task/python/colcon_distutils_commands:/home/codespace/ros2_ws/install/gestion_utilisateur/lib/python3.8/site-packages:${PYTHONPATH} /usr/bin/python3 -W ignore:setup.py install is deprecated -W ignore:easy_install command is deprecated setup.py develop --uninstall --editable --build-directory /home/codespace/ros2_ws/build/gestion_utilisateur/build
[1.591s] Invoking command in '/home/codespace/ros2_ws/src/src/gestion_utilisateur': PYTHONPATH=/home/codespace/ros2_ws/build/gestion_utilisateur/prefix_override:/usr/lib/python3/dist-packages/colcon_core/task/python/colcon_distutils_commands:/home/codespace/ros2_ws/install/gestion_utilisateur/lib/python3.8/site-packages:${PYTHONPATH} /usr/bin/python3 -W ignore:setup.py install is deprecated -W ignore:easy_install command is deprecated setup.py egg_info --egg-base ../../../build/gestion_utilisateur build --build-base /home/codespace/ros2_ws/build/gestion_utilisateur/build install --record /home/codespace/ros2_ws/build/gestion_utilisateur/install.log --install-scripts $base/lib/gestion_utilisateur --single-version-externally-managed install_data --force
[1.909s] running egg_info
[1.915s] writing ../../../build/gestion_utilisateur/gestion_utilisateur.egg-info/PKG-INFO
[1.916s] writing dependency_links to ../../../build/gestion_utilisateur/gestion_utilisateur.egg-info/dependency_links.txt
[1.917s] writing entry points to ../../../build/gestion_utilisateur/gestion_utilisateur.egg-info/entry_points.txt
[1.920s] writing requirements to ../../../build/gestion_utilisateur/gestion_utilisateur.egg-info/requires.txt
[1.921s] writing top-level names to ../../../build/gestion_utilisateur/gestion_utilisateur.egg-info/top_level.txt
[1.985s] reading manifest file '../../../build/gestion_utilisateur/gestion_utilisateur.egg-info/SOURCES.txt'
[1.987s] writing manifest file '../../../build/gestion_utilisateur/gestion_utilisateur.egg-info/SOURCES.txt'
[1.988s] running build
[1.988s] running build_py
[1.989s] running install
[1.991s] running install_lib
[1.993s] creating /home/codespace/ros2_ws/install/gestion_utilisateur/lib/python3.8/site-packages/gestion_utilisateur
[1.994s] copying /home/codespace/ros2_ws/build/gestion_utilisateur/build/lib/gestion_utilisateur/__init__.py -> /home/codespace/ros2_ws/install/gestion_utilisateur/lib/python3.8/site-packages/gestion_utilisateur
[1.995s] byte-compiling /home/codespace/ros2_ws/install/gestion_utilisateur/lib/python3.8/site-packages/gestion_utilisateur/__init__.py to __init__.cpython-38.pyc
[1.999s] running install_data
[2.000s] copying resource/gestion_utilisateur -> /home/codespace/ros2_ws/install/gestion_utilisateur/share/ament_index/resource_index/packages
[2.001s] copying package.xml -> /home/codespace/ros2_ws/install/gestion_utilisateur/share/gestion_utilisateur
[2.005s] running install_egg_info
[2.008s] Copying ../../../build/gestion_utilisateur/gestion_utilisateur.egg-info to /home/codespace/ros2_ws/install/gestion_utilisateur/lib/python3.8/site-packages/gestion_utilisateur-0.0.0-py3.8.egg-info
[2.020s] running install_scripts
[2.055s] writing list of installed files to '/home/codespace/ros2_ws/build/gestion_utilisateur/install.log'
[2.266s] Invoked command in '/home/codespace/ros2_ws/src/src/gestion_utilisateur' returned '0': PYTHONPATH=/home/codespace/ros2_ws/build/gestion_utilisateur/prefix_override:/usr/lib/python3/dist-packages/colcon_core/task/python/colcon_distutils_commands:/home/codespace/ros2_ws/install/gestion_utilisateur/lib/python3.8/site-packages:${PYTHONPATH} /usr/bin/python3 -W ignore:setup.py install is deprecated -W ignore:easy_install command is deprecated setup.py egg_info --egg-base ../../../build/gestion_utilisateur build --build-base /home/codespace/ros2_ws/build/gestion_utilisateur/build install --record /home/codespace/ros2_ws/build/gestion_utilisateur/install.log --install-scripts $base/lib/gestion_utilisateur --single-version-externally-managed install_data --force
