[0.161s] DEBUG:colcon:Command line arguments: ['/usr/bin/colcon', 'build']
[0.161s] DEBUG:colcon:Parsed command line arguments: Namespace(allow_overriding=[], ament_cmake_args=None, base_paths=['.'], build_base='build', catkin_cmake_args=None, catkin_skip_building_tests=False, cmake_args=None, cmake_clean_cache=False, cmake_clean_first=False, cmake_force_configure=False, cmake_target=None, cmake_target_skip_unavailable=False, continue_on_error=False, event_handlers=None, executor='parallel', ignore_user_meta=False, install_base='install', log_base=None, log_level=None, main=<bound method BuildVerb.main of <colcon_core.verb.build.BuildVerb object at 0x740e853ab6d0>>, merge_install=False, metas=['./colcon.meta'], mixin=None, mixin_files=None, mixin_verb=('build',), packages_above=None, packages_above_and_dependencies=None, packages_above_depth=None, packages_end=None, packages_ignore=None, packages_ignore_regex=None, packages_select=None, packages_select_build_failed=False, packages_select_by_dep=None, packages_select_regex=None, packages_select_test_failures=False, packages_skip=None, packages_skip_build_finished=False, packages_skip_by_dep=None, packages_skip_regex=None, packages_skip_test_passed=False, packages_skip_up_to=None, packages_start=None, packages_up_to=None, packages_up_to_regex=None, parallel_workers=2, paths=None, symlink_install=False, test_result_base=None, verb_extension=<colcon_core.verb.build.BuildVerb object at 0x740e853ab6d0>, verb_name='build', verb_parser=<colcon_mixin.mixin.mixin_argument.MixinArgumentDecorator object at 0x740e853abdf0>)
[0.284s] Level 1:colcon.colcon_core.package_discovery:discover_packages(colcon_meta) check parameters
[0.285s] Level 1:colcon.colcon_core.package_discovery:discover_packages(recursive) check parameters
[0.285s] Level 1:colcon.colcon_core.package_discovery:discover_packages(ignore) check parameters
[0.285s] Level 1:colcon.colcon_core.package_discovery:discover_packages(path) check parameters
[0.285s] Level 1:colcon.colcon_core.package_discovery:discover_packages(colcon_meta) discover
[0.285s] Level 1:colcon.colcon_core.package_discovery:discover_packages(recursive) discover
[0.285s] INFO:colcon.colcon_core.package_discovery:Crawling recursively for packages in '/home/codespace/ros2_ws/src'
[0.285s] Level 1:colcon.colcon_core.package_identification:_identify(.) by extensions ['ignore', 'ignore_ament_install']
[0.285s] Level 1:colcon.colcon_core.package_identification:_identify(.) by extension 'ignore'
[0.285s] Level 1:colcon.colcon_core.package_identification:_identify(.) by extension 'ignore_ament_install'
[0.285s] Level 1:colcon.colcon_core.package_identification:_identify(.) by extensions ['colcon_pkg']
[0.285s] Level 1:colcon.colcon_core.package_identification:_identify(.) by extension 'colcon_pkg'
[0.285s] Level 1:colcon.colcon_core.package_identification:_identify(.) by extensions ['colcon_meta']
[0.285s] Level 1:colcon.colcon_core.package_identification:_identify(.) by extension 'colcon_meta'
[0.285s] Level 1:colcon.colcon_core.package_identification:_identify(.) by extensions ['ros']
[0.285s] Level 1:colcon.colcon_core.package_identification:_identify(.) by extension 'ros'
[0.295s] Level 1:colcon.colcon_core.package_identification:_identify(.) by extensions ['cmake', 'python']
[0.295s] Level 1:colcon.colcon_core.package_identification:_identify(.) by extension 'cmake'
[0.295s] Level 1:colcon.colcon_core.package_identification:_identify(.) by extension 'python'
[0.295s] Level 1:colcon.colcon_core.package_identification:_identify(.) by extensions ['python_setup_py']
[0.295s] Level 1:colcon.colcon_core.package_identification:_identify(.) by extension 'python_setup_py'
[0.296s] Level 1:colcon.colcon_core.package_identification:_identify(build) by extensions ['ignore', 'ignore_ament_install']
[0.296s] Level 1:colcon.colcon_core.package_identification:_identify(build) by extension 'ignore'
[0.296s] Level 1:colcon.colcon_core.package_identification:_identify(build) ignored
[0.296s] Level 1:colcon.colcon_core.package_identification:_identify(install) by extensions ['ignore', 'ignore_ament_install']
[0.296s] Level 1:colcon.colcon_core.package_identification:_identify(install) by extension 'ignore'
[0.296s] Level 1:colcon.colcon_core.package_identification:_identify(install) ignored
[0.296s] Level 1:colcon.colcon_core.package_identification:_identify(log) by extensions ['ignore', 'ignore_ament_install']
[0.296s] Level 1:colcon.colcon_core.package_identification:_identify(log) by extension 'ignore'
[0.296s] Level 1:colcon.colcon_core.package_identification:_identify(log) ignored
[0.296s] Level 1:colcon.colcon_core.package_identification:_identify(mon_package) by extensions ['ignore', 'ignore_ament_install']
[0.296s] Level 1:colcon.colcon_core.package_identification:_identify(mon_package) by extension 'ignore'
[0.296s] Level 1:colcon.colcon_core.package_identification:_identify(mon_package) by extension 'ignore_ament_install'
[0.296s] Level 1:colcon.colcon_core.package_identification:_identify(mon_package) by extensions ['colcon_pkg']
[0.296s] Level 1:colcon.colcon_core.package_identification:_identify(mon_package) by extension 'colcon_pkg'
[0.296s] Level 1:colcon.colcon_core.package_identification:_identify(mon_package) by extensions ['colcon_meta']
[0.296s] Level 1:colcon.colcon_core.package_identification:_identify(mon_package) by extension 'colcon_meta'
[0.296s] Level 1:colcon.colcon_core.package_identification:_identify(mon_package) by extensions ['ros']
[0.296s] Level 1:colcon.colcon_core.package_identification:_identify(mon_package) by extension 'ros'
[0.299s] DEBUG:colcon.colcon_core.package_identification:Package 'mon_package' with type 'ros.ament_python' and name 'mon_package'
[0.299s] Level 1:colcon.colcon_core.package_identification:_identify(src) by extensions ['ignore', 'ignore_ament_install']
[0.299s] Level 1:colcon.colcon_core.package_identification:_identify(src) by extension 'ignore'
[0.299s] Level 1:colcon.colcon_core.package_identification:_identify(src) by extension 'ignore_ament_install'
[0.299s] Level 1:colcon.colcon_core.package_identification:_identify(src) by extensions ['colcon_pkg']
[0.299s] Level 1:colcon.colcon_core.package_identification:_identify(src) by extension 'colcon_pkg'
[0.299s] Level 1:colcon.colcon_core.package_identification:_identify(src) by extensions ['colcon_meta']
[0.299s] Level 1:colcon.colcon_core.package_identification:_identify(src) by extension 'colcon_meta'
[0.299s] Level 1:colcon.colcon_core.package_identification:_identify(src) by extensions ['ros']
[0.299s] Level 1:colcon.colcon_core.package_identification:_identify(src) by extension 'ros'
[0.299s] Level 1:colcon.colcon_core.package_identification:_identify(src) by extensions ['cmake', 'python']
[0.299s] Level 1:colcon.colcon_core.package_identification:_identify(src) by extension 'cmake'
[0.299s] Level 1:colcon.colcon_core.package_identification:_identify(src) by extension 'python'
[0.299s] Level 1:colcon.colcon_core.package_identification:_identify(src) by extensions ['python_setup_py']
[0.299s] Level 1:colcon.colcon_core.package_identification:_identify(src) by extension 'python_setup_py'
[0.299s] Level 1:colcon.colcon_core.package_discovery:discover_packages(recursive) using defaults
[0.299s] Level 1:colcon.colcon_core.package_discovery:discover_packages(ignore) discover
[0.299s] Level 1:colcon.colcon_core.package_discovery:discover_packages(ignore) using defaults
[0.300s] Level 1:colcon.colcon_core.package_discovery:discover_packages(path) discover
[0.300s] Level 1:colcon.colcon_core.package_discovery:discover_packages(path) using defaults
[0.320s] Level 1:colcon.colcon_core.package_discovery:discover_packages(prefix_path) check parameters
[0.320s] Level 1:colcon.colcon_core.package_discovery:discover_packages(prefix_path) discover
[0.321s] Level 1:colcon.colcon_core.package_discovery:discover_packages(prefix_path) using defaults
[0.322s] Level 5:colcon.colcon_core.verb:set package 'mon_package' build argument 'cmake_args' from command line to 'None'
[0.322s] Level 5:colcon.colcon_core.verb:set package 'mon_package' build argument 'cmake_target' from command line to 'None'
[0.322s] Level 5:colcon.colcon_core.verb:set package 'mon_package' build argument 'cmake_target_skip_unavailable' from command line to 'False'
[0.322s] Level 5:colcon.colcon_core.verb:set package 'mon_package' build argument 'cmake_clean_cache' from command line to 'False'
[0.322s] Level 5:colcon.colcon_core.verb:set package 'mon_package' build argument 'cmake_clean_first' from command line to 'False'
[0.322s] Level 5:colcon.colcon_core.verb:set package 'mon_package' build argument 'cmake_force_configure' from command line to 'False'
[0.322s] Level 5:colcon.colcon_core.verb:set package 'mon_package' build argument 'ament_cmake_args' from command line to 'None'
[0.322s] Level 5:colcon.colcon_core.verb:set package 'mon_package' build argument 'catkin_cmake_args' from command line to 'None'
[0.322s] Level 5:colcon.colcon_core.verb:set package 'mon_package' build argument 'catkin_skip_building_tests' from command line to 'False'
[0.322s] DEBUG:colcon.colcon_core.verb:Building package 'mon_package' with the following arguments: {'ament_cmake_args': None, 'build_base': '/home/codespace/ros2_ws/src/build/mon_package', 'catkin_cmake_args': None, 'catkin_skip_building_tests': False, 'cmake_args': None, 'cmake_clean_cache': False, 'cmake_clean_first': False, 'cmake_force_configure': False, 'cmake_target': None, 'cmake_target_skip_unavailable': False, 'install_base': '/home/codespace/ros2_ws/src/install/mon_package', 'merge_install': False, 'path': '/home/codespace/ros2_ws/src/mon_package', 'symlink_install': False, 'test_result_base': None}
[0.322s] INFO:colcon.colcon_core.executor:Executing jobs using 'parallel' executor
[0.323s] DEBUG:colcon.colcon_parallel_executor.executor.parallel:run_until_complete
[0.323s] INFO:colcon.colcon_ros.task.ament_python.build:Building ROS package in '/home/codespace/ros2_ws/src/mon_package' with build type 'ament_python'
[0.323s] Level 1:colcon.colcon_core.shell:create_environment_hook('mon_package', 'ament_prefix_path')
[0.325s] INFO:colcon.colcon_core.plugin_system:Skipping extension 'colcon_core.shell.bat': Not used on non-Windows systems
[0.325s] INFO:colcon.colcon_core.shell:Creating environment hook '/home/codespace/ros2_ws/src/install/mon_package/share/mon_package/hook/ament_prefix_path.ps1'
[0.326s] INFO:colcon.colcon_core.shell:Creating environment descriptor '/home/codespace/ros2_ws/src/install/mon_package/share/mon_package/hook/ament_prefix_path.dsv'
[0.326s] INFO:colcon.colcon_core.shell:Creating environment hook '/home/codespace/ros2_ws/src/install/mon_package/share/mon_package/hook/ament_prefix_path.sh'
[0.327s] INFO:colcon.colcon_core.shell:Skip shell extension 'powershell' for command environment: Not usable outside of PowerShell
[0.327s] DEBUG:colcon.colcon_core.shell:Skip shell extension 'dsv' for command environment
[0.492s] INFO:colcon.colcon_core.task.python.build:Building Python package in '/home/codespace/ros2_ws/src/mon_package'
[0.493s] INFO:colcon.colcon_core.shell:Skip shell extension 'powershell' for command environment: Not usable outside of PowerShell
[0.493s] DEBUG:colcon.colcon_core.shell:Skip shell extension 'dsv' for command environment
[0.918s] DEBUG:colcon.colcon_core.event_handler.log_command:Invoking command in '/home/codespace/ros2_ws/src/mon_package': PYTHONPATH=/home/codespace/ros2_ws/src/build/mon_package/prefix_override:/usr/lib/python3/dist-packages/colcon_core/task/python/colcon_distutils_commands:/home/codespace/ros2_ws/src/install/mon_package/lib/python3.8/site-packages: /usr/bin/python3 -W ignore:setup.py install is deprecated -W ignore:easy_install command is deprecated setup.py egg_info --egg-base ../build/mon_package build --build-base /home/codespace/ros2_ws/src/build/mon_package/build install --record /home/codespace/ros2_ws/src/build/mon_package/install.log --install-scripts $base/lib/mon_package --single-version-externally-managed install_data
[1.167s] DEBUG:colcon.colcon_core.event_handler.log_command:Invoked command in '/home/codespace/ros2_ws/src/mon_package' returned '0': PYTHONPATH=/home/codespace/ros2_ws/src/build/mon_package/prefix_override:/usr/lib/python3/dist-packages/colcon_core/task/python/colcon_distutils_commands:/home/codespace/ros2_ws/src/install/mon_package/lib/python3.8/site-packages: /usr/bin/python3 -W ignore:setup.py install is deprecated -W ignore:easy_install command is deprecated setup.py egg_info --egg-base ../build/mon_package build --build-base /home/codespace/ros2_ws/src/build/mon_package/build install --record /home/codespace/ros2_ws/src/build/mon_package/install.log --install-scripts $base/lib/mon_package --single-version-externally-managed install_data
[1.169s] Level 1:colcon.colcon_core.environment:checking '/home/codespace/ros2_ws/src/install/mon_package' for CMake module files
[1.170s] Level 1:colcon.colcon_core.environment:checking '/home/codespace/ros2_ws/src/install/mon_package' for CMake config files
[1.171s] Level 1:colcon.colcon_core.environment:checking '/home/codespace/ros2_ws/src/install/mon_package/lib'
[1.171s] Level 1:colcon.colcon_core.environment:checking '/home/codespace/ros2_ws/src/install/mon_package/bin'
[1.171s] Level 1:colcon.colcon_core.environment:checking '/home/codespace/ros2_ws/src/install/mon_package/lib/pkgconfig/mon_package.pc'
[1.171s] Level 1:colcon.colcon_core.environment:checking '/home/codespace/ros2_ws/src/install/mon_package/lib/python3.8/site-packages'
[1.171s] Level 1:colcon.colcon_core.shell:create_environment_hook('mon_package', 'pythonpath')
[1.171s] INFO:colcon.colcon_core.shell:Creating environment hook '/home/codespace/ros2_ws/src/install/mon_package/share/mon_package/hook/pythonpath.ps1'
[1.172s] INFO:colcon.colcon_core.shell:Creating environment descriptor '/home/codespace/ros2_ws/src/install/mon_package/share/mon_package/hook/pythonpath.dsv'
[1.172s] INFO:colcon.colcon_core.shell:Creating environment hook '/home/codespace/ros2_ws/src/install/mon_package/share/mon_package/hook/pythonpath.sh'
[1.173s] Level 1:colcon.colcon_core.environment:checking '/home/codespace/ros2_ws/src/install/mon_package/bin'
[1.173s] Level 1:colcon.colcon_core.environment:create_environment_scripts_only(mon_package)
[1.173s] INFO:colcon.colcon_core.shell:Creating package script '/home/codespace/ros2_ws/src/install/mon_package/share/mon_package/package.ps1'
[1.174s] INFO:colcon.colcon_core.shell:Creating package descriptor '/home/codespace/ros2_ws/src/install/mon_package/share/mon_package/package.dsv'
[1.174s] INFO:colcon.colcon_core.shell:Creating package script '/home/codespace/ros2_ws/src/install/mon_package/share/mon_package/package.sh'
[1.175s] INFO:colcon.colcon_core.shell:Creating package script '/home/codespace/ros2_ws/src/install/mon_package/share/mon_package/package.bash'
[1.175s] INFO:colcon.colcon_core.shell:Creating package script '/home/codespace/ros2_ws/src/install/mon_package/share/mon_package/package.zsh'
[1.176s] Level 1:colcon.colcon_core.environment:create_file_with_runtime_dependencies(/home/codespace/ros2_ws/src/install/mon_package/share/colcon-core/packages/mon_package)
[1.176s] DEBUG:colcon.colcon_parallel_executor.executor.parallel:closing loop
[1.177s] DEBUG:colcon.colcon_parallel_executor.executor.parallel:loop closed
[1.177s] DEBUG:colcon.colcon_parallel_executor.executor.parallel:run_until_complete finished with '0'
[1.177s] DEBUG:colcon.colcon_core.event_reactor:joining thread
[1.188s] INFO:colcon.colcon_core.plugin_system:Skipping extension 'colcon_notification.desktop_notification.notify_send': Could not find 'notify-send'
[1.188s] INFO:colcon.colcon_core.plugin_system:Skipping extension 'colcon_notification.desktop_notification.terminal_notifier': Not used on non-Darwin systems
[1.188s] INFO:colcon.colcon_core.plugin_system:Skipping extension 'colcon_notification.desktop_notification.win32': Not used on non-Windows systems
[1.189s] INFO:colcon.colcon_notification.desktop_notification:Sending desktop notification using 'notify2'
[1.189s] DEBUG:colcon.colcon_notification.desktop_notification.notify2:Failed to initialize notify2: org.freedesktop.DBus.Error.NotSupported: Unable to autolaunch a dbus-daemon without a $DISPLAY for X11
[1.189s] DEBUG:colcon.colcon_core.event_reactor:joined thread
[1.189s] INFO:colcon.colcon_core.shell:Creating prefix script '/home/codespace/ros2_ws/src/install/local_setup.ps1'
[1.190s] INFO:colcon.colcon_core.shell:Creating prefix util module '/home/codespace/ros2_ws/src/install/_local_setup_util_ps1.py'
[1.191s] INFO:colcon.colcon_core.shell:Creating prefix chain script '/home/codespace/ros2_ws/src/install/setup.ps1'
[1.192s] INFO:colcon.colcon_core.shell:Creating prefix script '/home/codespace/ros2_ws/src/install/local_setup.sh'
[1.192s] INFO:colcon.colcon_core.shell:Creating prefix util module '/home/codespace/ros2_ws/src/install/_local_setup_util_sh.py'
[1.192s] INFO:colcon.colcon_core.shell:Creating prefix chain script '/home/codespace/ros2_ws/src/install/setup.sh'
[1.193s] INFO:colcon.colcon_core.shell:Creating prefix script '/home/codespace/ros2_ws/src/install/local_setup.bash'
[1.194s] INFO:colcon.colcon_core.shell:Creating prefix chain script '/home/codespace/ros2_ws/src/install/setup.bash'
[1.194s] INFO:colcon.colcon_core.shell:Creating prefix script '/home/codespace/ros2_ws/src/install/local_setup.zsh'
[1.195s] INFO:colcon.colcon_core.shell:Creating prefix chain script '/home/codespace/ros2_ws/src/install/setup.zsh'
